::1 - - [29/Dec/2014:12:34:44 +0100] "GET /phpmyadmin HTTP/1.1" 301 241
::1 - - [29/Dec/2014:12:34:44 +0100] "GET /phpmyadmin/ HTTP/1.1" 200 7992
::1 - - [29/Dec/2014:12:34:45 +0100] "GET /phpmyadmin/themes/pmahomme/jquery/jquery-ui-1.9.2.custom.css HTTP/1.1" 200 32278
::1 - - [29/Dec/2014:12:34:45 +0100] "GET /phpmyadmin/js/get_scripts.js.php?scripts[]=jquery/jquery-1.8.3.js&scripts[]=ajax.js&scripts[]=keyhandler.js&scripts[]=jquery/jquery-ui-1.9.2.custom.js&scripts[]=jquery/jquery.sprintf.js&scripts[]=jquery/jquery.cookie.js&scripts[]=jquery/jquery.mousewheel.js&scripts[]=jquery/jquery.event.drag-2.2.js&scripts[]=jquery/jquery-ui-timepicker-addon.js&scripts[]=jquery/jquery.ba-hashchange-1.3.js&scripts[]=jquery/jquery.debounce-1.0.5.js&scripts[]=jquery/jquery.menuResizer-1.0.js&scripts[]=rte.js&scripts[]=functions.js&scripts[]=navigation.js&scripts[]=indexes.js&scripts[]=common.js&scripts[]=codemirror/lib/codemirror.js&scripts[]=codemirror/mode/mysql/mysql.js HTTP/1.1" 200 578562
::1 - - [29/Dec/2014:12:34:45 +0100] "GET /phpmyadmin/phpmyadmin.css.php?server=1&token=fb5112b63d8354cb33632afadc904e31&nocache=4251027502ltr HTTP/1.1" 200 88608
::1 - - [29/Dec/2014:12:34:45 +0100] "GET /phpmyadmin/js/messages.php?lang=nl&db=&server=0&token=4c507c0c9b11f5f3c887411fce657067 HTTP/1.1" 200 18194
::1 - - [29/Dec/2014:12:34:45 +0100] "GET /phpmyadmin/js/get_image.js.php?theme=pmahomme HTTP/1.1" 200 6263
::1 - - [29/Dec/2014:12:34:45 +0100] "GET /phpmyadmin/themes/pmahomme/img/logo_right.png HTTP/1.1" 200 4548
::1 - - [29/Dec/2014:12:34:45 +0100] "GET /phpmyadmin/themes/dot.gif HTTP/1.1" 200 43
::1 - - [29/Dec/2014:12:34:45 +0100] "GET /phpmyadmin/themes/pmahomme/img/sprites.png HTTP/1.1" 200 61899
::1 - - [29/Dec/2014:12:34:48 +0100] "POST /phpmyadmin/index.php HTTP/1.1" 302 -
::1 - - [29/Dec/2014:12:34:48 +0100] "GET /phpmyadmin/index.php?token=fb5112b63d8354cb33632afadc904e31 HTTP/1.1" 200 44698
::1 - - [29/Dec/2014:12:34:48 +0100] "GET /phpmyadmin/themes/pmahomme/jquery/jquery-ui-1.9.2.custom.css HTTP/1.1" 200 32278
::1 - - [29/Dec/2014:12:34:48 +0100] "GET /phpmyadmin/js/get_scripts.js.php?scripts[]=jquery/jquery-1.8.3.js&scripts[]=ajax.js&scripts[]=keyhandler.js&scripts[]=jquery/jquery-ui-1.9.2.custom.js&scripts[]=jquery/jquery.sprintf.js&scripts[]=jquery/jquery.cookie.js&scripts[]=jquery/jquery.mousewheel.js&scripts[]=jquery/jquery.event.drag-2.2.js&scripts[]=jquery/jquery-ui-timepicker-addon.js&scripts[]=jquery/jquery.ba-hashchange-1.3.js&scripts[]=jquery/jquery.debounce-1.0.5.js&scripts[]=jquery/jquery.menuResizer-1.0.js&scripts[]=rte.js&scripts[]=functions.js&scripts[]=navigation.js&scripts[]=indexes.js&scripts[]=common.js&scripts[]=codemirror/lib/codemirror.js&scripts[]=codemirror/mode/mysql/mysql.js HTTP/1.1" 200 578562
::1 - - [29/Dec/2014:12:34:48 +0100] "GET /phpmyadmin/js/get_image.js.php?theme=pmahomme HTTP/1.1" 200 6263
::1 - - [29/Dec/2014:12:34:48 +0100] "GET /phpmyadmin/js/messages.php?lang=nl&db=&server=0&token=fb5112b63d8354cb33632afadc904e31 HTTP/1.1" 200 18194
::1 - - [29/Dec/2014:12:34:48 +0100] "GET /phpmyadmin/phpmyadmin.css.php?server=1&token=fb5112b63d8354cb33632afadc904e31&nocache=5670880390ltr HTTP/1.1" 200 88608
::1 - - [29/Dec/2014:12:34:48 +0100] "GET /phpmyadmin/themes/pmahomme/img/logo_left.png HTTP/1.1" 200 2327
::1 - - [29/Dec/2014:12:34:48 +0100] "GET /phpmyadmin/themes/pmahomme/img/ajax_clock_small.gif HTTP/1.1" 200 1810
::1 - - [29/Dec/2014:12:34:49 +0100] "GET /phpmyadmin/themes/pmahomme/img/left_nav_bg.png HTTP/1.1" 200 297
::1 - - [29/Dec/2014:12:34:49 +0100] "GET /phpmyadmin/version_check.php?&_nocache=1419852889094278392 HTTP/1.1" 200 39
::1 - - [29/Dec/2014:12:34:51 +0100] "GET /phpmyadmin/navigation.php?ajax_request=1&token=fb5112b63d8354cb33632afadc904e31&aPath=cm9vdA%3D%3D.Z2FtZQ%3D%3D&vPath=cm9vdA%3D%3D.Z2FtZQ%3D%3D&pos=0&pos2_name=&pos2_value=&searchClause=&searchClause2=&_nocache=1419852891672714501 HTTP/1.1" 200 5907
::1 - - [29/Dec/2014:12:34:54 +0100] "GET /phpmyadmin/sql.php?server=1&db=game&table=account&pos=0&token=fb5112b63d8354cb33632afadc904e31&ajax_request=true&ajax_page_request=true&menuHashes=9c518cf7&_nocache=1419852894287262007 HTTP/1.1" 200 20054
::1 - - [29/Dec/2014:12:34:54 +0100] "GET /phpmyadmin/themes/pmahomme/img/s_fulltext.png HTTP/1.1" 200 193
::1 - - [29/Dec/2014:12:34:54 +0100] "GET /phpmyadmin/themes/pmahomme/img/arrow_ltr.png HTTP/1.1" 200 139
::1 - - [29/Dec/2014:12:34:54 +0100] "GET /phpmyadmin/js/get_scripts.js.php?scripts[]=tbl_change.js&scripts[]=tbl_structure.js&scripts[]=gis_data_editor.js&scripts[]=makegrid.js&scripts[]=sql.js HTTP/1.1" 200 57302
::1 - - [29/Dec/2014:12:34:54 +0100] "GET /phpmyadmin/themes/pmahomme/img/col_pointer.png HTTP/1.1" 200 113
::1 - - [29/Dec/2014:12:34:54 +0100] "GET /phpmyadmin/themes/pmahomme/img/col_drop.png HTTP/1.1" 200 132
::1 - - [29/Dec/2014:12:34:54 +0100] "GET /phpmyadmin/index.php?ajax_request=1&recent_table=1&token=fb5112b63d8354cb33632afadc904e31 HTTP/1.1" 200 209
::1 - - [29/Dec/2014:13:28:06 +0100] "GET /phpmyadmin HTTP/1.1" 301 241
::1 - - [29/Dec/2014:13:28:06 +0100] "GET /phpmyadmin/ HTTP/1.1" 200 8153
::1 - - [29/Dec/2014:13:28:06 +0100] "GET /phpmyadmin/themes/pmahomme/jquery/jquery-ui-1.9.2.custom.css HTTP/1.1" 200 32278
::1 - - [29/Dec/2014:13:28:06 +0100] "GET /phpmyadmin/js/get_scripts.js.php?scripts[]=jquery/jquery-1.8.3.js&scripts[]=ajax.js&scripts[]=keyhandler.js&scripts[]=jquery/jquery-ui-1.9.2.custom.js&scripts[]=jquery/jquery.sprintf.js&scripts[]=jquery/jquery.cookie.js&scripts[]=jquery/jquery.mousewheel.js&scripts[]=jquery/jquery.event.drag-2.2.js&scripts[]=jquery/jquery-ui-timepicker-addon.js&scripts[]=jquery/jquery.ba-hashchange-1.3.js&scripts[]=jquery/jquery.debounce-1.0.5.js&scripts[]=jquery/jquery.menuResizer-1.0.js&scripts[]=rte.js&scripts[]=functions.js&scripts[]=navigation.js&scripts[]=indexes.js&scripts[]=common.js&scripts[]=codemirror/lib/codemirror.js&scripts[]=codemirror/mode/mysql/mysql.js HTTP/1.1" 200 578562
::1 - - [29/Dec/2014:13:28:06 +0100] "GET /phpmyadmin/phpmyadmin.css.php?server=1&token=fb5112b63d8354cb33632afadc904e31&nocache=4251027502ltr HTTP/1.1" 200 88608
::1 - - [29/Dec/2014:13:28:06 +0100] "GET /phpmyadmin/js/get_image.js.php?theme=pmahomme HTTP/1.1" 200 6263
::1 - - [29/Dec/2014:13:28:06 +0100] "GET /phpmyadmin/js/messages.php?lang=nl&db=&server=0&token=fb5112b63d8354cb33632afadc904e31 HTTP/1.1" 200 18194
::1 - - [29/Dec/2014:13:28:06 +0100] "GET /phpmyadmin/themes/pmahomme/img/logo_right.png HTTP/1.1" 200 4548
::1 - - [29/Dec/2014:13:28:06 +0100] "GET /phpmyadmin/themes/dot.gif HTTP/1.1" 200 43
::1 - - [29/Dec/2014:13:28:06 +0100] "GET /phpmyadmin/themes/pmahomme/img/sprites.png HTTP/1.1" 200 61899
::1 - - [29/Dec/2014:13:28:18 +0100] "POST /phpmyadmin/index.php HTTP/1.1" 302 -
::1 - - [29/Dec/2014:13:28:18 +0100] "GET /phpmyadmin/index.php?token=fb5112b63d8354cb33632afadc904e31 HTTP/1.1" 200 44756
::1 - - [29/Dec/2014:13:28:18 +0100] "GET /phpmyadmin/themes/pmahomme/jquery/jquery-ui-1.9.2.custom.css HTTP/1.1" 200 32278
::1 - - [29/Dec/2014:13:28:18 +0100] "GET /phpmyadmin/js/get_scripts.js.php?scripts[]=jquery/jquery-1.8.3.js&scripts[]=ajax.js&scripts[]=keyhandler.js&scripts[]=jquery/jquery-ui-1.9.2.custom.js&scripts[]=jquery/jquery.sprintf.js&scripts[]=jquery/jquery.cookie.js&scripts[]=jquery/jquery.mousewheel.js&scripts[]=jquery/jquery.event.drag-2.2.js&scripts[]=jquery/jquery-ui-timepicker-addon.js&scripts[]=jquery/jquery.ba-hashchange-1.3.js&scripts[]=jquery/jquery.debounce-1.0.5.js&scripts[]=jquery/jquery.menuResizer-1.0.js&scripts[]=rte.js&scripts[]=functions.js&scripts[]=navigation.js&scripts[]=indexes.js&scripts[]=common.js&scripts[]=codemirror/lib/codemirror.js&scripts[]=codemirror/mode/mysql/mysql.js HTTP/1.1" 200 578562
::1 - - [29/Dec/2014:13:28:18 +0100] "GET /phpmyadmin/phpmyadmin.css.php?server=1&token=fb5112b63d8354cb33632afadc904e31&nocache=5670880390ltr HTTP/1.1" 200 88608
::1 - - [29/Dec/2014:13:28:18 +0100] "GET /phpmyadmin/js/messages.php?lang=nl&db=&server=0&token=fb5112b63d8354cb33632afadc904e31 HTTP/1.1" 200 18194
::1 - - [29/Dec/2014:13:28:18 +0100] "GET /phpmyadmin/js/get_image.js.php?theme=pmahomme HTTP/1.1" 200 6263
::1 - - [29/Dec/2014:13:28:18 +0100] "GET /phpmyadmin/themes/pmahomme/img/ajax_clock_small.gif HTTP/1.1" 200 1810
::1 - - [29/Dec/2014:13:28:18 +0100] "GET /phpmyadmin/themes/pmahomme/img/logo_left.png HTTP/1.1" 200 2327
::1 - - [29/Dec/2014:13:28:18 +0100] "GET /phpmyadmin/themes/pmahomme/img/left_nav_bg.png HTTP/1.1" 200 297
::1 - - [29/Dec/2014:13:28:18 +0100] "GET /phpmyadmin/version_check.php?&_nocache=1419856098866419577 HTTP/1.1" 200 39
::1 - - [29/Dec/2014:13:28:21 +0100] "GET /phpmyadmin/navigation.php?ajax_request=1&token=fb5112b63d8354cb33632afadc904e31&aPath=cm9vdA%3D%3D.Z2FtZQ%3D%3D&vPath=cm9vdA%3D%3D.Z2FtZQ%3D%3D&pos=0&pos2_name=&pos2_value=&searchClause=&searchClause2=&_nocache=1419856101522750149 HTTP/1.1" 200 5907
::1 - - [29/Dec/2014:13:28:25 +0100] "GET /phpmyadmin/sql.php?server=1&db=game&table=charclass&pos=0&token=fb5112b63d8354cb33632afadc904e31&ajax_request=true&ajax_page_request=true&menuHashes=9c518cf7&_nocache=1419856105291182586 HTTP/1.1" 200 26187
::1 - - [29/Dec/2014:13:28:25 +0100] "GET /phpmyadmin/themes/pmahomme/img/s_fulltext.png HTTP/1.1" 200 193
::1 - - [29/Dec/2014:13:28:25 +0100] "GET /phpmyadmin/themes/pmahomme/img/arrow_ltr.png HTTP/1.1" 200 139
::1 - - [29/Dec/2014:13:28:25 +0100] "GET /phpmyadmin/js/get_scripts.js.php?scripts[]=tbl_change.js&scripts[]=tbl_structure.js&scripts[]=gis_data_editor.js&scripts[]=makegrid.js&scripts[]=sql.js HTTP/1.1" 200 57302
::1 - - [29/Dec/2014:13:28:25 +0100] "GET /phpmyadmin/themes/pmahomme/img/col_pointer.png HTTP/1.1" 200 113
::1 - - [29/Dec/2014:13:28:25 +0100] "GET /phpmyadmin/themes/pmahomme/img/col_drop.png HTTP/1.1" 200 132
::1 - - [29/Dec/2014:13:28:25 +0100] "GET /phpmyadmin/index.php?ajax_request=1&recent_table=1&token=fb5112b63d8354cb33632afadc904e31 HTTP/1.1" 200 329
::1 - - [29/Dec/2014:13:32:39 +0100] "GET /phpmyadmin/tbl_change.php?db=game&table=charclass&where_clause=%60charclass%60.%60ID%60+%3D+1&clause_is_unique=1&sql_query=SELECT+%2A+FROM+%60charclass%60&goto=sql.php&default_action=update&token=fb5112b63d8354cb33632afadc904e31&ajax_request=true&ajax_page_request=true&menuHashes=9c518cf7-c67bc71a&_nocache=1419856358962320558 HTTP/1.1" 200 19298
::1 - - [29/Dec/2014:13:32:39 +0100] "GET /phpmyadmin/index.php?ajax_request=1&recent_table=1&token=fb5112b63d8354cb33632afadc904e31 HTTP/1.1" 200 329
::1 - - [29/Dec/2014:13:32:48 +0100] "POST /phpmyadmin/tbl_replace.php HTTP/1.1" 200 26248
::1 - - [29/Dec/2014:13:32:48 +0100] "GET /phpmyadmin/index.php?ajax_request=1&recent_table=1&token=fb5112b63d8354cb33632afadc904e31 HTTP/1.1" 200 329
::1 - - [29/Dec/2014:13:32:50 +0100] "GET /phpmyadmin/tbl_change.php?db=game&table=charclass&where_clause=%60charclass%60.%60ID%60+%3D+2&clause_is_unique=1&sql_query=SELECT+%2A+FROM+%60charclass%60&goto=sql.php&default_action=update&token=fb5112b63d8354cb33632afadc904e31&ajax_request=true&ajax_page_request=true&menuHashes=9c518cf7-c67bc71a-a6efcbf4&_nocache=1419856370859884010 HTTP/1.1" 200 16225
::1 - - [29/Dec/2014:13:32:51 +0100] "GET /phpmyadmin/index.php?ajax_request=1&recent_table=1&token=fb5112b63d8354cb33632afadc904e31 HTTP/1.1" 200 329
::1 - - [29/Dec/2014:13:32:56 +0100] "POST /phpmyadmin/tbl_replace.php HTTP/1.1" 200 26235
::1 - - [29/Dec/2014:13:32:56 +0100] "GET /phpmyadmin/index.php?ajax_request=1&recent_table=1&token=fb5112b63d8354cb33632afadc904e31 HTTP/1.1" 200 329
::1 - - [29/Dec/2014:13:32:58 +0100] "GET /phpmyadmin/tbl_change.php?db=game&table=charclass&where_clause=%60charclass%60.%60ID%60+%3D+3&clause_is_unique=1&sql_query=SELECT+%2A+FROM+%60charclass%60&goto=sql.php&default_action=update&token=fb5112b63d8354cb33632afadc904e31&ajax_request=true&ajax_page_request=true&menuHashes=9c518cf7-c67bc71a-a6efcbf4&_nocache=1419856378633223968 HTTP/1.1" 200 16229
::1 - - [29/Dec/2014:13:32:58 +0100] "GET /phpmyadmin/index.php?ajax_request=1&recent_table=1&token=fb5112b63d8354cb33632afadc904e31 HTTP/1.1" 200 329
::1 - - [29/Dec/2014:13:33:06 +0100] "POST /phpmyadmin/tbl_replace.php HTTP/1.1" 200 26243
::1 - - [29/Dec/2014:13:33:06 +0100] "GET /phpmyadmin/index.php?ajax_request=1&recent_table=1&token=fb5112b63d8354cb33632afadc904e31 HTTP/1.1" 200 329
::1 - - [29/Dec/2014:13:33:10 +0100] "GET /phpmyadmin/sql.php?server=1&db=game&table=race&pos=0&token=fb5112b63d8354cb33632afadc904e31&ajax_request=true&ajax_page_request=true&menuHashes=9c518cf7-c67bc71a-a6efcbf4&_nocache=1419856390148832001 HTTP/1.1" 200 25617
::1 - - [29/Dec/2014:13:33:10 +0100] "GET /phpmyadmin/index.php?ajax_request=1&recent_table=1&token=fb5112b63d8354cb33632afadc904e31 HTTP/1.1" 200 439
::1 - - [29/Dec/2014:13:33:12 +0100] "GET /phpmyadmin/tbl_change.php?db=game&table=race&where_clause=%60race%60.%60ID%60+%3D+1&clause_is_unique=1&sql_query=SELECT+%2A+FROM+%60race%60&goto=sql.php&default_action=update&token=fb5112b63d8354cb33632afadc904e31&ajax_request=true&ajax_page_request=true&menuHashes=9c518cf7-c67bc71a-a6efcbf4-1e47e355&_nocache=1419856392781641224 HTTP/1.1" 200 19160
::1 - - [29/Dec/2014:13:33:12 +0100] "GET /phpmyadmin/index.php?ajax_request=1&recent_table=1&token=fb5112b63d8354cb33632afadc904e31 HTTP/1.1" 200 439
::1 - - [29/Dec/2014:13:33:18 +0100] "POST /phpmyadmin/tbl_replace.php HTTP/1.1" 200 25650
::1 - - [29/Dec/2014:13:33:18 +0100] "GET /phpmyadmin/index.php?ajax_request=1&recent_table=1&token=fb5112b63d8354cb33632afadc904e31 HTTP/1.1" 200 439
::1 - - [29/Dec/2014:13:33:20 +0100] "GET /phpmyadmin/tbl_change.php?db=game&table=race&where_clause=%60race%60.%60ID%60+%3D+2&clause_is_unique=1&sql_query=SELECT+%2A+FROM+%60race%60&goto=sql.php&default_action=update&token=fb5112b63d8354cb33632afadc904e31&ajax_request=true&ajax_page_request=true&menuHashes=9c518cf7-c67bc71a-a6efcbf4-1e47e355-6a75177d&_nocache=1419856400014201652 HTTP/1.1" 200 16146
::1 - - [29/Dec/2014:13:33:20 +0100] "GET /phpmyadmin/index.php?ajax_request=1&recent_table=1&token=fb5112b63d8354cb33632afadc904e31 HTTP/1.1" 200 439
::1 - - [29/Dec/2014:13:33:25 +0100] "POST /phpmyadmin/tbl_replace.php HTTP/1.1" 200 25640
::1 - - [29/Dec/2014:13:33:25 +0100] "GET /phpmyadmin/index.php?ajax_request=1&recent_table=1&token=fb5112b63d8354cb33632afadc904e31 HTTP/1.1" 200 439
::1 - - [29/Dec/2014:13:33:28 +0100] "GET /phpmyadmin/tbl_change.php?db=game&table=race&where_clause=%60race%60.%60ID%60+%3D+3&clause_is_unique=1&sql_query=SELECT+%2A+FROM+%60race%60&goto=sql.php&default_action=update&token=fb5112b63d8354cb33632afadc904e31&ajax_request=true&ajax_page_request=true&menuHashes=9c518cf7-c67bc71a-a6efcbf4-1e47e355-6a75177d&_nocache=1419856408366768836 HTTP/1.1" 200 16146
::1 - - [29/Dec/2014:13:33:28 +0100] "GET /phpmyadmin/index.php?ajax_request=1&recent_table=1&token=fb5112b63d8354cb33632afadc904e31 HTTP/1.1" 200 439
::1 - - [29/Dec/2014:13:33:33 +0100] "POST /phpmyadmin/tbl_replace.php HTTP/1.1" 200 25640
::1 - - [29/Dec/2014:13:33:34 +0100] "GET /phpmyadmin/index.php?ajax_request=1&recent_table=1&token=fb5112b63d8354cb33632afadc904e31 HTTP/1.1" 200 439
::1 - - [29/Dec/2014:13:37:51 +0100] "GET /phpmyadmin/sql.php?server=1&db=game&table=race&pos=0&token=fb5112b63d8354cb33632afadc904e31&ajax_request=true&ajax_page_request=true&menuHashes=9c518cf7-c67bc71a-a6efcbf4-1e47e355-6a75177d&_nocache=1419856671095869167 HTTP/1.1" 200 22613
::1 - - [29/Dec/2014:13:37:51 +0100] "GET /phpmyadmin/index.php?ajax_request=1&recent_table=1&token=fb5112b63d8354cb33632afadc904e31 HTTP/1.1" 200 439
::1 - - [29/Dec/2014:13:37:57 +0100] "GET /phpmyadmin/sql.php?server=1&db=game&table=charclass&pos=0&token=fb5112b63d8354cb33632afadc904e31&ajax_request=true&ajax_page_request=true&menuHashes=9c518cf7-c67bc71a-a6efcbf4-1e47e355-6a75177d&_nocache=1419856677281554858 HTTP/1.1" 200 23136
::1 - - [29/Dec/2014:13:37:57 +0100] "GET /phpmyadmin/index.php?ajax_request=1&recent_table=1&token=fb5112b63d8354cb33632afadc904e31 HTTP/1.1" 200 439
::1 - - [29/Dec/2014:13:39:35 +0100] "GET /phpmyadmin/sql.php?server=1&db=game&table=character&pos=0&token=fb5112b63d8354cb33632afadc904e31&ajax_request=true&ajax_page_request=true&menuHashes=9c518cf7-c67bc71a-a6efcbf4-1e47e355-6a75177d&_nocache=1419856775353839304 HTTP/1.1" 200 21729
::1 - - [29/Dec/2014:13:39:35 +0100] "GET /phpmyadmin/index.php?ajax_request=1&recent_table=1&token=fb5112b63d8354cb33632afadc904e31 HTTP/1.1" 200 559
::1 - - [29/Dec/2014:13:39:39 +0100] "GET /phpmyadmin/tbl_change.php?db=game&table=character&token=fb5112b63d8354cb33632afadc904e31&ajax_request=true&ajax_page_request=true&menuHashes=9c518cf7-c67bc71a-a6efcbf4-1e47e355-6a75177d-96f2759a&_nocache=1419856779976215688 HTTP/1.1" 200 81086
::1 - - [29/Dec/2014:13:39:40 +0100] "GET /phpmyadmin/index.php?ajax_request=1&recent_table=1&token=fb5112b63d8354cb33632afadc904e31 HTTP/1.1" 200 559
::1 - - [29/Dec/2014:13:40:08 +0100] "GET /phpmyadmin/navigation.php?ajax_request=1&token=fb5112b63d8354cb33632afadc904e31&aPath=cm9vdA%3D%3D.Z2FtZQ%3D%3D.dGFibGVz.Y2hhcmFjdGVy&vPath=cm9vdA%3D%3D.Z2FtZQ%3D%3D.VGFiZWxsZW4%3D.Y2hhcmFjdGVy&pos=0&pos2_name=tables&pos2_value=0&searchClause=&searchClause2=&_nocache=1419856808096257612 HTTP/1.1" 200 3444
::1 - - [29/Dec/2014:13:40:11 +0100] "GET /phpmyadmin/sql.php?server=1&db=game&table=charclass&pos=0&token=fb5112b63d8354cb33632afadc904e31&ajax_request=true&ajax_page_request=true&menuHashes=9c518cf7-c67bc71a-a6efcbf4-1e47e355-6a75177d-96f2759a-0176623f&_nocache=1419856811314830060 HTTP/1.1" 200 23136
::1 - - [29/Dec/2014:13:40:11 +0100] "GET /phpmyadmin/index.php?ajax_request=1&recent_table=1&token=fb5112b63d8354cb33632afadc904e31 HTTP/1.1" 200 559
::1 - - [29/Dec/2014:13:40:13 +0100] "GET /phpmyadmin/sql.php?server=1&db=game&table=slot&pos=0&token=fb5112b63d8354cb33632afadc904e31&ajax_request=true&ajax_page_request=true&menuHashes=9c518cf7-c67bc71a-a6efcbf4-1e47e355-6a75177d-96f2759a-0176623f&_nocache=1419856813273444963 HTTP/1.1" 200 27383
::1 - - [29/Dec/2014:13:40:13 +0100] "GET /phpmyadmin/index.php?ajax_request=1&recent_table=1&token=fb5112b63d8354cb33632afadc904e31 HTTP/1.1" 200 669
::1 - - [29/Dec/2014:13:40:14 +0100] "GET /phpmyadmin/sql.php?server=1&db=game&table=race&pos=0&token=fb5112b63d8354cb33632afadc904e31&ajax_request=true&ajax_page_request=true&menuHashes=c67bc71a-a6efcbf4-1e47e355-6a75177d-96f2759a-0176623f-24e49876&_nocache=1419856814214375553 HTTP/1.1" 200 22613
::1 - - [29/Dec/2014:13:40:14 +0100] "GET /phpmyadmin/index.php?ajax_request=1&recent_table=1&token=fb5112b63d8354cb33632afadc904e31 HTTP/1.1" 200 669
::1 - - [29/Dec/2014:13:40:17 +0100] "GET /phpmyadmin/sql.php?server=1&db=game&table=character&pos=0&token=fb5112b63d8354cb33632afadc904e31&ajax_request=true&ajax_page_request=true&menuHashes=c67bc71a-a6efcbf4-1e47e355-6a75177d-96f2759a-0176623f-24e49876&_nocache=1419856817789862834 HTTP/1.1" 200 18668
::1 - - [29/Dec/2014:13:40:17 +0100] "GET /phpmyadmin/index.php?ajax_request=1&recent_table=1&token=fb5112b63d8354cb33632afadc904e31 HTTP/1.1" 200 669
::1 - - [29/Dec/2014:13:40:19 +0100] "GET /phpmyadmin/tbl_change.php?db=game&table=character&token=fb5112b63d8354cb33632afadc904e31&ajax_request=true&ajax_page_request=true&menuHashes=c67bc71a-a6efcbf4-1e47e355-6a75177d-96f2759a-0176623f-24e49876&_nocache=1419856819509398752 HTTP/1.1" 200 78025
::1 - - [29/Dec/2014:13:40:19 +0100] "GET /phpmyadmin/index.php?ajax_request=1&recent_table=1&token=fb5112b63d8354cb33632afadc904e31 HTTP/1.1" 200 669
::1 - - [29/Dec/2014:13:40:45 +0100] "POST /phpmyadmin/tbl_replace.php HTTP/1.1" 200 14673
::1 - - [29/Dec/2014:13:40:45 +0100] "GET /phpmyadmin/index.php?ajax_request=1&recent_table=1&token=fb5112b63d8354cb33632afadc904e31 HTTP/1.1" 200 669
::1 - - [29/Dec/2014:13:41:42 +0100] "GET /phpmyadmin/tbl_structure.php?server=1&db=game&table=account&token=fb5112b63d8354cb33632afadc904e31&ajax_request=true&ajax_page_request=true&menuHashes=a6efcbf4-1e47e355-6a75177d-96f2759a-0176623f-24e49876-df1ee782&_nocache=1419856902375293298 HTTP/1.1" 200 33396
::1 - - [29/Dec/2014:13:41:42 +0100] "GET /phpmyadmin/index.php?ajax_request=1&recent_table=1&token=fb5112b63d8354cb33632afadc904e31 HTTP/1.1" 200 669
::1 - - [29/Dec/2014:13:41:48 +0100] "GET /phpmyadmin/sql.php?server=1&db=game&table=account&pos=0&token=fb5112b63d8354cb33632afadc904e31&ajax_request=true&ajax_page_request=true&menuHashes=1e47e355-6a75177d-96f2759a-0176623f-24e49876-df1ee782-3d0f7ec3&_nocache=141985690843615198 HTTP/1.1" 200 20054
::1 - - [29/Dec/2014:13:41:48 +0100] "GET /phpmyadmin/index.php?ajax_request=1&recent_table=1&token=fb5112b63d8354cb33632afadc904e31 HTTP/1.1" 200 669
::1 - - [29/Dec/2014:13:41:49 +0100] "GET /phpmyadmin/tbl_change.php?db=game&table=account&token=fb5112b63d8354cb33632afadc904e31&ajax_request=true&ajax_page_request=true&menuHashes=6a75177d-96f2759a-0176623f-24e49876-df1ee782-3d0f7ec3-4afd2c1d&_nocache=1419856909984502530 HTTP/1.1" 200 37646
::1 - - [29/Dec/2014:13:41:50 +0100] "GET /phpmyadmin/index.php?ajax_request=1&recent_table=1&token=fb5112b63d8354cb33632afadc904e31 HTTP/1.1" 200 669
::1 - - [29/Dec/2014:13:42:06 +0100] "POST /phpmyadmin/tbl_replace.php HTTP/1.1" 200 12196
::1 - - [29/Dec/2014:13:42:06 +0100] "GET /phpmyadmin/index.php?ajax_request=1&recent_table=1&token=fb5112b63d8354cb33632afadc904e31 HTTP/1.1" 200 669
::1 - - [29/Dec/2014:13:42:10 +0100] "GET /phpmyadmin/sql.php?server=1&db=game&table=character&pos=0&token=fb5112b63d8354cb33632afadc904e31&ajax_request=true&ajax_page_request=true&menuHashes=0176623f-24e49876-df1ee782-3d0f7ec3-4afd2c1d-1b93264a-55458961&_nocache=1419856930093930842 HTTP/1.1" 200 29849
::1 - - [29/Dec/2014:13:42:10 +0100] "GET /phpmyadmin/index.php?ajax_request=1&recent_table=1&token=fb5112b63d8354cb33632afadc904e31 HTTP/1.1" 200 669
::1 - - [29/Dec/2014:13:42:12 +0100] "GET /phpmyadmin/tbl_change.php?db=game&table=character&token=fb5112b63d8354cb33632afadc904e31&ajax_request=true&ajax_page_request=true&menuHashes=24e49876-df1ee782-3d0f7ec3-4afd2c1d-1b93264a-55458961-96f2759a&_nocache=1419856932843132617 HTTP/1.1" 200 81148
::1 - - [29/Dec/2014:13:42:13 +0100] "GET /phpmyadmin/index.php?ajax_request=1&recent_table=1&token=fb5112b63d8354cb33632afadc904e31 HTTP/1.1" 200 669
::1 - - [29/Dec/2014:13:42:35 +0100] "POST /phpmyadmin/tbl_replace.php HTTP/1.1" 200 11606
::1 - - [29/Dec/2014:13:42:35 +0100] "GET /phpmyadmin/index.php?ajax_request=1&recent_table=1&token=fb5112b63d8354cb33632afadc904e31 HTTP/1.1" 200 669
