2015-01-05 16:40:36 6288 [Note] Plugin 'FEDERATED' is disabled.
2015-01-05 16:40:36 6288 [Note] InnoDB: The InnoDB memory heap is disabled
2015-01-05 16:40:36 6288 [Note] InnoDB: Mutexes and rw_locks use Windows interlocked functions
2015-01-05 16:40:36 6288 [Note] InnoDB: Compressed tables use zlib 1.2.3
2015-01-05 16:40:36 6288 [Note] InnoDB: Not using CPU crc32 instructions
2015-01-05 16:40:36 6288 [Note] InnoDB: Initializing buffer pool, size = 128.0M
2015-01-05 16:40:36 6288 [Note] InnoDB: Completed initialization of buffer pool
2015-01-05 16:40:36 6288 [Note] InnoDB: Highest supported file format is Barracuda.
2015-01-05 16:40:36 6288 [Note] InnoDB: The log sequence numbers 1626134 and 1626134 in ibdata files do not match the log sequence number 3933072 in the ib_logfiles!
2015-01-05 16:40:36 6288 [Note] InnoDB: Database was not shutdown normally!
2015-01-05 16:40:36 6288 [Note] InnoDB: Starting crash recovery.
2015-01-05 16:40:36 6288 [Note] InnoDB: Reading tablespace information from the .ibd files...
2015-01-05 16:40:36 6288 [Note] InnoDB: Restoring possible half-written data pages 
2015-01-05 16:40:36 6288 [Note] InnoDB: from the doublewrite buffer...
2015-01-05 16:40:38 6288 [Note] InnoDB: 128 rollback segment(s) are active.
2015-01-05 16:40:38 6288 [Note] InnoDB: Waiting for purge to start
2015-01-05 16:40:38 6288 [Note] InnoDB: 5.6.13 started; log sequence number 3933072
2015-01-05 16:40:38 6288 [Note] Server hostname (bind-address): '*'; port: 3307
2015-01-05 16:40:38 6288 [Note] IPv6 is available.
2015-01-05 16:40:38 6288 [Note]   - '::' resolves to '::';
2015-01-05 16:40:38 6288 [Note] Server socket created on IP: '::'.
2015-01-05 16:40:39 6288 [Note] Event Scheduler: Loaded 0 events
2015-01-05 16:40:39 6288 [Note] F:\SChool\Java\Prog4Project\USBWebserver v8.6/mysql/bin/mysqld_usbwv8.exe: ready for connections.
Version: '5.6.13'  socket: ''  port: 3307  MySQL Community Server (GPL)
