2015-01-14 14:50:43 5656 [Note] Plugin 'FEDERATED' is disabled.
2015-01-14 14:50:43 5656 [Note] InnoDB: The InnoDB memory heap is disabled
2015-01-14 14:50:43 5656 [Note] InnoDB: Mutexes and rw_locks use Windows interlocked functions
2015-01-14 14:50:43 5656 [Note] InnoDB: Compressed tables use zlib 1.2.3
2015-01-14 14:50:43 5656 [Note] InnoDB: Not using CPU crc32 instructions
2015-01-14 14:50:43 5656 [Note] InnoDB: Initializing buffer pool, size = 128.0M
2015-01-14 14:50:43 5656 [Note] InnoDB: Completed initialization of buffer pool
2015-01-14 14:50:43 5656 [Note] InnoDB: Highest supported file format is Barracuda.
2015-01-14 14:50:43 5656 [Note] InnoDB: The log sequence numbers 1626134 and 1626134 in ibdata files do not match the log sequence number 3933538 in the ib_logfiles!
2015-01-14 14:50:43 5656 [Note] InnoDB: Database was not shutdown normally!
2015-01-14 14:50:43 5656 [Note] InnoDB: Starting crash recovery.
2015-01-14 14:50:43 5656 [Note] InnoDB: Reading tablespace information from the .ibd files...
2015-01-14 14:50:44 5656 [Note] InnoDB: Restoring possible half-written data pages 
2015-01-14 14:50:44 5656 [Note] InnoDB: from the doublewrite buffer...
2015-01-14 14:50:45 5656 [Note] InnoDB: 128 rollback segment(s) are active.
2015-01-14 14:50:45 5656 [Note] InnoDB: Waiting for purge to start
2015-01-14 14:50:45 5656 [Note] InnoDB: 5.6.13 started; log sequence number 3933538
2015-01-14 14:50:45 5656 [Note] Server hostname (bind-address): '*'; port: 3307
2015-01-14 14:50:45 5656 [Note] IPv6 is available.
2015-01-14 14:50:45 5656 [Note]   - '::' resolves to '::';
2015-01-14 14:50:45 5656 [Note] Server socket created on IP: '::'.
2015-01-14 14:50:46 5656 [Note] Event Scheduler: Loaded 0 events
2015-01-14 14:50:46 5656 [Note] F:\SChool\Java\Prog4Project\USBWebserver v8.6/mysql/bin/mysqld_usbwv8.exe: ready for connections.
Version: '5.6.13'  socket: ''  port: 3307  MySQL Community Server (GPL)
2015-01-14 16:04:43 5576 [Note] Plugin 'FEDERATED' is disabled.
2015-01-14 16:04:43 5576 [Note] InnoDB: The InnoDB memory heap is disabled
2015-01-14 16:04:43 5576 [Note] InnoDB: Mutexes and rw_locks use Windows interlocked functions
2015-01-14 16:04:43 5576 [Note] InnoDB: Compressed tables use zlib 1.2.3
2015-01-14 16:04:43 5576 [Note] InnoDB: Not using CPU crc32 instructions
2015-01-14 16:04:43 5576 [Note] InnoDB: Initializing buffer pool, size = 128.0M
2015-01-14 16:04:43 5576 [Note] InnoDB: Completed initialization of buffer pool
2015-01-14 16:04:43 5576 [Note] InnoDB: Highest supported file format is Barracuda.
2015-01-14 16:04:43 5576 [Note] InnoDB: The log sequence numbers 1626134 and 1626134 in ibdata files do not match the log sequence number 3933548 in the ib_logfiles!
2015-01-14 16:04:43 5576 [Note] InnoDB: Database was not shutdown normally!
2015-01-14 16:04:43 5576 [Note] InnoDB: Starting crash recovery.
2015-01-14 16:04:43 5576 [Note] InnoDB: Reading tablespace information from the .ibd files...
2015-01-14 16:04:43 5576 [Note] InnoDB: Restoring possible half-written data pages 
2015-01-14 16:04:43 5576 [Note] InnoDB: from the doublewrite buffer...
2015-01-14 16:04:44 5576 [Note] InnoDB: 128 rollback segment(s) are active.
2015-01-14 16:04:44 5576 [Note] InnoDB: Waiting for purge to start
2015-01-14 16:04:44 5576 [Note] InnoDB: 5.6.13 started; log sequence number 3933548
2015-01-14 16:04:44 5576 [Note] Server hostname (bind-address): '*'; port: 3307
2015-01-14 16:04:44 5576 [Note] IPv6 is available.
2015-01-14 16:04:44 5576 [Note]   - '::' resolves to '::';
2015-01-14 16:04:44 5576 [Note] Server socket created on IP: '::'.
2015-01-14 16:04:44 5576 [Note] Event Scheduler: Loaded 0 events
2015-01-14 16:04:44 5576 [Note] F:\SChool\Java\Prog4Project\USBWebserver v8.6/mysql/bin/mysqld_usbwv8.exe: ready for connections.
Version: '5.6.13'  socket: ''  port: 3307  MySQL Community Server (GPL)
2015-01-15 14:17:30 4236 [Note] Plugin 'FEDERATED' is disabled.
2015-01-15 14:17:30 4236 [Note] InnoDB: The InnoDB memory heap is disabled
2015-01-15 14:17:30 4236 [Note] InnoDB: Mutexes and rw_locks use Windows interlocked functions
2015-01-15 14:17:30 4236 [Note] InnoDB: Compressed tables use zlib 1.2.3
2015-01-15 14:17:30 4236 [Note] InnoDB: Not using CPU crc32 instructions
2015-01-15 14:17:30 4236 [Note] InnoDB: Initializing buffer pool, size = 128.0M
2015-01-15 14:17:30 4236 [Note] InnoDB: Completed initialization of buffer pool
2015-01-15 14:17:30 4236 [Note] InnoDB: Highest supported file format is Barracuda.
2015-01-15 14:17:30 4236 [Note] InnoDB: The log sequence numbers 1626134 and 1626134 in ibdata files do not match the log sequence number 3933558 in the ib_logfiles!
2015-01-15 14:17:30 4236 [Note] InnoDB: Database was not shutdown normally!
2015-01-15 14:17:30 4236 [Note] InnoDB: Starting crash recovery.
2015-01-15 14:17:30 4236 [Note] InnoDB: Reading tablespace information from the .ibd files...
2015-01-15 14:17:31 4236 [Note] InnoDB: Restoring possible half-written data pages 
2015-01-15 14:17:31 4236 [Note] InnoDB: from the doublewrite buffer...
2015-01-15 14:17:32 4236 [Note] InnoDB: 128 rollback segment(s) are active.
2015-01-15 14:17:32 4236 [Note] InnoDB: Waiting for purge to start
2015-01-15 14:17:32 4236 [Note] InnoDB: 5.6.13 started; log sequence number 3933558
2015-01-15 14:17:32 4236 [Note] Server hostname (bind-address): '*'; port: 3307
2015-01-15 14:17:32 4236 [Note] IPv6 is available.
2015-01-15 14:17:32 4236 [Note]   - '::' resolves to '::';
2015-01-15 14:17:32 4236 [Note] Server socket created on IP: '::'.
2015-01-15 14:17:33 4236 [Note] Event Scheduler: Loaded 0 events
2015-01-15 14:17:33 4236 [Note] F:\SChool\Java\Prog4Project\USBWebserver v8.6/mysql/bin/mysqld_usbwv8.exe: ready for connections.
Version: '5.6.13'  socket: ''  port: 3307  MySQL Community Server (GPL)
