2014-12-16 20:45:08 5572 [Note] Plugin 'FEDERATED' is disabled.
2014-12-16 20:45:08 5572 [Note] InnoDB: The InnoDB memory heap is disabled
2014-12-16 20:45:08 5572 [Note] InnoDB: Mutexes and rw_locks use Windows interlocked functions
2014-12-16 20:45:08 5572 [Note] InnoDB: Compressed tables use zlib 1.2.3
2014-12-16 20:45:08 5572 [Note] InnoDB: Not using CPU crc32 instructions
2014-12-16 20:45:08 5572 [Note] InnoDB: Initializing buffer pool, size = 128.0M
2014-12-16 20:45:08 5572 [Note] InnoDB: Completed initialization of buffer pool
2014-12-16 20:45:08 5572 [Note] InnoDB: Highest supported file format is Barracuda.
2014-12-16 20:45:08 5572 [Note] InnoDB: The log sequence numbers 1626134 and 1626134 in ibdata files do not match the log sequence number 1709617 in the ib_logfiles!
2014-12-16 20:45:08 5572 [Note] InnoDB: Database was not shutdown normally!
2014-12-16 20:45:08 5572 [Note] InnoDB: Starting crash recovery.
2014-12-16 20:45:08 5572 [Note] InnoDB: Reading tablespace information from the .ibd files...
2014-12-16 20:45:08 5572 [Note] InnoDB: Restoring possible half-written data pages 
2014-12-16 20:45:08 5572 [Note] InnoDB: from the doublewrite buffer...
2014-12-16 20:45:08 5572 [Note] InnoDB: 128 rollback segment(s) are active.
2014-12-16 20:45:08 5572 [Note] InnoDB: Waiting for purge to start
2014-12-16 20:45:08 5572 [Note] InnoDB: 5.6.13 started; log sequence number 1709617
2014-12-16 20:45:08 5572 [Note] Server hostname (bind-address): '*'; port: 3307
2014-12-16 20:45:08 5572 [Note] IPv6 is available.
2014-12-16 20:45:08 5572 [Note]   - '::' resolves to '::';
2014-12-16 20:45:08 5572 [Note] Server socket created on IP: '::'.
2014-12-16 20:45:08 5572 [Note] Event Scheduler: Loaded 0 events
2014-12-16 20:45:08 5572 [Note] F:\SChool\Java\Prog4Project\USBWebserver v8.6/mysql/bin/mysqld_usbwv8.exe: ready for connections.
Version: '5.6.13'  socket: ''  port: 3307  MySQL Community Server (GPL)
2014-12-28 18:04:33 6392 [Note] Plugin 'FEDERATED' is disabled.
2014-12-28 18:04:33 6392 [Note] InnoDB: The InnoDB memory heap is disabled
2014-12-28 18:04:33 6392 [Note] InnoDB: Mutexes and rw_locks use Windows interlocked functions
2014-12-28 18:04:33 6392 [Note] InnoDB: Compressed tables use zlib 1.2.3
2014-12-28 18:04:33 6392 [Note] InnoDB: Not using CPU crc32 instructions
2014-12-28 18:04:33 6392 [Note] InnoDB: Initializing buffer pool, size = 128.0M
2014-12-28 18:04:33 6392 [Note] InnoDB: Completed initialization of buffer pool
2014-12-28 18:04:33 6392 [Note] InnoDB: Highest supported file format is Barracuda.
2014-12-28 18:04:33 6392 [Note] InnoDB: The log sequence numbers 1626134 and 1626134 in ibdata files do not match the log sequence number 3455669 in the ib_logfiles!
2014-12-28 18:04:33 6392 [Note] InnoDB: Database was not shutdown normally!
2014-12-28 18:04:33 6392 [Note] InnoDB: Starting crash recovery.
2014-12-28 18:04:33 6392 [Note] InnoDB: Reading tablespace information from the .ibd files...
2014-12-28 18:04:33 6392 [Note] InnoDB: Restoring possible half-written data pages 
2014-12-28 18:04:33 6392 [Note] InnoDB: from the doublewrite buffer...
2014-12-28 18:04:35 6392 [Note] InnoDB: 128 rollback segment(s) are active.
2014-12-28 18:04:35 6392 [Note] InnoDB: Waiting for purge to start
2014-12-28 18:04:35 6392 [Note] InnoDB: 5.6.13 started; log sequence number 3455669
2014-12-28 18:04:35 6392 [Note] Server hostname (bind-address): '*'; port: 3307
2014-12-28 18:04:35 6392 [Note] IPv6 is available.
2014-12-28 18:04:35 6392 [Note]   - '::' resolves to '::';
2014-12-28 18:04:35 6392 [Note] Server socket created on IP: '::'.
2014-12-28 18:04:35 6392 [Note] Event Scheduler: Loaded 0 events
2014-12-28 18:04:35 6392 [Note] F:\SChool\Java\Prog4Project\USBWebserver v8.6/mysql/bin/mysqld_usbwv8.exe: ready for connections.
Version: '5.6.13'  socket: ''  port: 3307  MySQL Community Server (GPL)
2014-12-28 18:42:27 8220 [Note] Plugin 'FEDERATED' is disabled.
2014-12-28 18:42:27 8220 [Note] InnoDB: The InnoDB memory heap is disabled
2014-12-28 18:42:27 8220 [Note] InnoDB: Mutexes and rw_locks use Windows interlocked functions
2014-12-28 18:42:27 8220 [Note] InnoDB: Compressed tables use zlib 1.2.3
2014-12-28 18:42:27 8220 [Note] InnoDB: Not using CPU crc32 instructions
2014-12-28 18:42:27 8220 [Note] InnoDB: Initializing buffer pool, size = 128.0M
2014-12-28 18:42:27 8220 [Note] InnoDB: Completed initialization of buffer pool
2014-12-28 18:42:27 8220 [Note] InnoDB: Highest supported file format is Barracuda.
2014-12-28 18:42:27 8220 [Note] InnoDB: The log sequence numbers 1626134 and 1626134 in ibdata files do not match the log sequence number 3455679 in the ib_logfiles!
2014-12-28 18:42:27 8220 [Note] InnoDB: Database was not shutdown normally!
2014-12-28 18:42:27 8220 [Note] InnoDB: Starting crash recovery.
2014-12-28 18:42:27 8220 [Note] InnoDB: Reading tablespace information from the .ibd files...
2014-12-28 18:42:27 8220 [Note] InnoDB: Restoring possible half-written data pages 
2014-12-28 18:42:27 8220 [Note] InnoDB: from the doublewrite buffer...
2014-12-28 18:42:27 8220 [Note] InnoDB: 128 rollback segment(s) are active.
2014-12-28 18:42:27 8220 [Note] InnoDB: Waiting for purge to start
2014-12-28 18:42:27 8220 [Note] InnoDB: 5.6.13 started; log sequence number 3455679
2014-12-28 18:42:27 8220 [Note] Server hostname (bind-address): '*'; port: 3307
2014-12-28 18:42:27 8220 [Note] IPv6 is available.
2014-12-28 18:42:27 8220 [Note]   - '::' resolves to '::';
2014-12-28 18:42:27 8220 [Note] Server socket created on IP: '::'.
2014-12-28 18:42:28 8220 [Note] Event Scheduler: Loaded 0 events
2014-12-28 18:42:28 8220 [Note] F:\SChool\Java\Prog4Project\USBWebserver v8.6/mysql/bin/mysqld_usbwv8.exe: ready for connections.
Version: '5.6.13'  socket: ''  port: 3307  MySQL Community Server (GPL)
2014-12-29 12:33:52 6188 [Note] Plugin 'FEDERATED' is disabled.
2014-12-29 12:33:52 6188 [Note] InnoDB: The InnoDB memory heap is disabled
2014-12-29 12:33:52 6188 [Note] InnoDB: Mutexes and rw_locks use Windows interlocked functions
2014-12-29 12:33:52 6188 [Note] InnoDB: Compressed tables use zlib 1.2.3
2014-12-29 12:33:52 6188 [Note] InnoDB: Not using CPU crc32 instructions
2014-12-29 12:33:52 6188 [Note] InnoDB: Initializing buffer pool, size = 128.0M
2014-12-29 12:33:52 6188 [Note] InnoDB: Completed initialization of buffer pool
2014-12-29 12:33:52 6188 [Note] InnoDB: Highest supported file format is Barracuda.
2014-12-29 12:33:52 6188 [Note] InnoDB: The log sequence numbers 1626134 and 1626134 in ibdata files do not match the log sequence number 3458218 in the ib_logfiles!
2014-12-29 12:33:52 6188 [Note] InnoDB: Database was not shutdown normally!
2014-12-29 12:33:52 6188 [Note] InnoDB: Starting crash recovery.
2014-12-29 12:33:52 6188 [Note] InnoDB: Reading tablespace information from the .ibd files...
2014-12-29 12:33:52 6188 [Note] InnoDB: Restoring possible half-written data pages 
2014-12-29 12:33:52 6188 [Note] InnoDB: from the doublewrite buffer...
2014-12-29 12:33:54 6188 [Note] InnoDB: 128 rollback segment(s) are active.
2014-12-29 12:33:54 6188 [Note] InnoDB: Waiting for purge to start
2014-12-29 12:33:54 6188 [Note] InnoDB: 5.6.13 started; log sequence number 3458218
2014-12-29 12:33:54 6188 [Note] Server hostname (bind-address): '*'; port: 3307
2014-12-29 12:33:54 6188 [Note] IPv6 is available.
2014-12-29 12:33:54 6188 [Note]   - '::' resolves to '::';
2014-12-29 12:33:54 6188 [Note] Server socket created on IP: '::'.
2014-12-29 12:33:54 6188 [Note] Event Scheduler: Loaded 0 events
2014-12-29 12:33:54 6188 [Note] F:\SChool\Java\Prog4Project\USBWebserver v8.6/mysql/bin/mysqld_usbwv8.exe: ready for connections.
Version: '5.6.13'  socket: ''  port: 3307  MySQL Community Server (GPL)
2014-12-30 17:19:28 1368 [Note] Plugin 'FEDERATED' is disabled.
2014-12-30 17:19:28 1368 [Note] InnoDB: The InnoDB memory heap is disabled
2014-12-30 17:19:28 1368 [Note] InnoDB: Mutexes and rw_locks use Windows interlocked functions
2014-12-30 17:19:28 1368 [Note] InnoDB: Compressed tables use zlib 1.2.3
2014-12-30 17:19:28 1368 [Note] InnoDB: Not using CPU crc32 instructions
2014-12-30 17:19:28 1368 [Note] InnoDB: Initializing buffer pool, size = 128.0M
2014-12-30 17:19:28 1368 [Note] InnoDB: Completed initialization of buffer pool
2014-12-30 17:19:29 1368 [Note] InnoDB: Highest supported file format is Barracuda.
2014-12-30 17:19:29 1368 [Note] InnoDB: The log sequence numbers 1626134 and 1626134 in ibdata files do not match the log sequence number 3502351 in the ib_logfiles!
2014-12-30 17:19:29 1368 [Note] InnoDB: Database was not shutdown normally!
2014-12-30 17:19:29 1368 [Note] InnoDB: Starting crash recovery.
2014-12-30 17:19:29 1368 [Note] InnoDB: Reading tablespace information from the .ibd files...
2014-12-30 17:19:29 1368 [Note] InnoDB: Restoring possible half-written data pages 
2014-12-30 17:19:29 1368 [Note] InnoDB: from the doublewrite buffer...
2014-12-30 17:19:30 1368 [Note] InnoDB: 128 rollback segment(s) are active.
2014-12-30 17:19:30 1368 [Note] InnoDB: Waiting for purge to start
2014-12-30 17:19:30 1368 [Note] InnoDB: 5.6.13 started; log sequence number 3502351
2014-12-30 17:19:30 1368 [Note] Server hostname (bind-address): '*'; port: 3307
2014-12-30 17:19:30 1368 [Note] IPv6 is available.
2014-12-30 17:19:30 1368 [Note]   - '::' resolves to '::';
2014-12-30 17:19:30 1368 [Note] Server socket created on IP: '::'.
2014-12-30 17:19:31 1368 [Note] Event Scheduler: Loaded 0 events
2014-12-30 17:19:31 1368 [Note] F:\SChool\Java\Prog4Project\USBWebserver v8.6/mysql/bin/mysqld_usbwv8.exe: ready for connections.
Version: '5.6.13'  socket: ''  port: 3307  MySQL Community Server (GPL)
2014-12-30 17:30:17 4372 [Note] Plugin 'FEDERATED' is disabled.
2014-12-30 17:30:17 4372 [Note] InnoDB: The InnoDB memory heap is disabled
2014-12-30 17:30:17 4372 [Note] InnoDB: Mutexes and rw_locks use Windows interlocked functions
2014-12-30 17:30:17 4372 [Note] InnoDB: Compressed tables use zlib 1.2.3
2014-12-30 17:30:17 4372 [Note] InnoDB: Not using CPU crc32 instructions
2014-12-30 17:30:17 4372 [Note] InnoDB: Initializing buffer pool, size = 128.0M
2014-12-30 17:30:17 4372 [Note] InnoDB: Completed initialization of buffer pool
2014-12-30 17:30:17 4372 [Note] InnoDB: Highest supported file format is Barracuda.
2014-12-30 17:30:17 4372 [Note] InnoDB: The log sequence numbers 1626134 and 1626134 in ibdata files do not match the log sequence number 3505313 in the ib_logfiles!
2014-12-30 17:30:17 4372 [Note] InnoDB: Database was not shutdown normally!
2014-12-30 17:30:17 4372 [Note] InnoDB: Starting crash recovery.
2014-12-30 17:30:17 4372 [Note] InnoDB: Reading tablespace information from the .ibd files...
2014-12-30 17:30:17 4372 [Note] InnoDB: Restoring possible half-written data pages 
2014-12-30 17:30:17 4372 [Note] InnoDB: from the doublewrite buffer...
2014-12-30 17:30:18 4372 [Note] InnoDB: 128 rollback segment(s) are active.
2014-12-30 17:30:18 4372 [Note] InnoDB: Waiting for purge to start
2014-12-30 17:30:18 4372 [Note] InnoDB: 5.6.13 started; log sequence number 3505313
2014-12-30 17:30:18 4372 [Note] Server hostname (bind-address): '*'; port: 3307
2014-12-30 17:30:18 4372 [Note] IPv6 is available.
2014-12-30 17:30:18 4372 [Note]   - '::' resolves to '::';
2014-12-30 17:30:18 4372 [Note] Server socket created on IP: '::'.
2014-12-30 17:30:18 4372 [Note] Event Scheduler: Loaded 0 events
2014-12-30 17:30:18 4372 [Note] F:\SChool\Java\Prog4Project\USBWebserver v8.6/mysql/bin/mysqld_usbwv8.exe: ready for connections.
Version: '5.6.13'  socket: ''  port: 3307  MySQL Community Server (GPL)
2014-12-31 16:31:11 7132 [Note] Plugin 'FEDERATED' is disabled.
2014-12-31 16:31:12 7132 [Note] InnoDB: The InnoDB memory heap is disabled
2014-12-31 16:31:12 7132 [Note] InnoDB: Mutexes and rw_locks use Windows interlocked functions
2014-12-31 16:31:12 7132 [Note] InnoDB: Compressed tables use zlib 1.2.3
2014-12-31 16:31:12 7132 [Note] InnoDB: Not using CPU crc32 instructions
2014-12-31 16:31:12 7132 [Note] InnoDB: Initializing buffer pool, size = 128.0M
2014-12-31 16:31:12 7132 [Note] InnoDB: Completed initialization of buffer pool
2014-12-31 16:31:12 7132 [Note] InnoDB: Highest supported file format is Barracuda.
2014-12-31 16:31:12 7132 [Note] InnoDB: The log sequence numbers 1626134 and 1626134 in ibdata files do not match the log sequence number 3680562 in the ib_logfiles!
2014-12-31 16:31:12 7132 [Note] InnoDB: Database was not shutdown normally!
2014-12-31 16:31:12 7132 [Note] InnoDB: Starting crash recovery.
2014-12-31 16:31:12 7132 [Note] InnoDB: Reading tablespace information from the .ibd files...
2014-12-31 16:31:12 7132 [Note] InnoDB: Restoring possible half-written data pages 
2014-12-31 16:31:12 7132 [Note] InnoDB: from the doublewrite buffer...
2014-12-31 16:31:14 7132 [Note] InnoDB: 128 rollback segment(s) are active.
2014-12-31 16:31:14 7132 [Note] InnoDB: Waiting for purge to start
2014-12-31 16:31:14 7132 [Note] InnoDB: 5.6.13 started; log sequence number 3680562
2014-12-31 16:31:14 7132 [Note] Server hostname (bind-address): '*'; port: 3307
2014-12-31 16:31:14 7132 [Note] IPv6 is available.
2014-12-31 16:31:14 7132 [Note]   - '::' resolves to '::';
2014-12-31 16:31:14 7132 [Note] Server socket created on IP: '::'.
2014-12-31 16:31:14 7132 [Note] Event Scheduler: Loaded 0 events
2014-12-31 16:31:14 7132 [Note] F:\SChool\Java\Prog4Project\USBWebserver v8.6/mysql/bin/mysqld_usbwv8.exe: ready for connections.
Version: '5.6.13'  socket: ''  port: 3307  MySQL Community Server (GPL)
2015-01-01 15:55:15 6608 [Note] Plugin 'FEDERATED' is disabled.
2015-01-01 15:55:15 6608 [Note] InnoDB: The InnoDB memory heap is disabled
2015-01-01 15:55:15 6608 [Note] InnoDB: Mutexes and rw_locks use Windows interlocked functions
2015-01-01 15:55:15 6608 [Note] InnoDB: Compressed tables use zlib 1.2.3
2015-01-01 15:55:15 6608 [Note] InnoDB: Not using CPU crc32 instructions
2015-01-01 15:55:15 6608 [Note] InnoDB: Initializing buffer pool, size = 128.0M
2015-01-01 15:55:15 6608 [Note] InnoDB: Completed initialization of buffer pool
2015-01-01 15:55:15 6608 [Note] InnoDB: Highest supported file format is Barracuda.
2015-01-01 15:55:15 6608 [Note] InnoDB: The log sequence numbers 1626134 and 1626134 in ibdata files do not match the log sequence number 3701690 in the ib_logfiles!
2015-01-01 15:55:15 6608 [Note] InnoDB: Database was not shutdown normally!
2015-01-01 15:55:15 6608 [Note] InnoDB: Starting crash recovery.
2015-01-01 15:55:15 6608 [Note] InnoDB: Reading tablespace information from the .ibd files...
2015-01-01 15:55:15 6608 [Note] InnoDB: Restoring possible half-written data pages 
2015-01-01 15:55:15 6608 [Note] InnoDB: from the doublewrite buffer...
2015-01-01 15:55:17 6608 [Note] InnoDB: 128 rollback segment(s) are active.
2015-01-01 15:55:17 6608 [Note] InnoDB: Waiting for purge to start
2015-01-01 15:55:17 6608 [Note] InnoDB: 5.6.13 started; log sequence number 3701690
2015-01-01 15:55:17 6608 [Note] Server hostname (bind-address): '*'; port: 3307
2015-01-01 15:55:17 6608 [Note] IPv6 is available.
2015-01-01 15:55:17 6608 [Note]   - '::' resolves to '::';
2015-01-01 15:55:17 6608 [Note] Server socket created on IP: '::'.
2015-01-01 15:55:18 6608 [Note] Event Scheduler: Loaded 0 events
2015-01-01 15:55:18 6608 [Note] F:\SChool\Java\Prog4Project\USBWebserver v8.6/mysql/bin/mysqld_usbwv8.exe: ready for connections.
Version: '5.6.13'  socket: ''  port: 3307  MySQL Community Server (GPL)
2015-01-02 14:17:33 5472 [Note] Plugin 'FEDERATED' is disabled.
2015-01-02 14:17:33 5472 [Note] InnoDB: The InnoDB memory heap is disabled
2015-01-02 14:17:33 5472 [Note] InnoDB: Mutexes and rw_locks use Windows interlocked functions
2015-01-02 14:17:33 5472 [Note] InnoDB: Compressed tables use zlib 1.2.3
2015-01-02 14:17:33 5472 [Note] InnoDB: Not using CPU crc32 instructions
2015-01-02 14:17:33 5472 [Note] InnoDB: Initializing buffer pool, size = 128.0M
2015-01-02 14:17:33 5472 [Note] InnoDB: Completed initialization of buffer pool
2015-01-02 14:17:33 5472 [Note] InnoDB: Highest supported file format is Barracuda.
2015-01-02 14:17:33 5472 [Note] InnoDB: The log sequence numbers 1626134 and 1626134 in ibdata files do not match the log sequence number 3702029 in the ib_logfiles!
2015-01-02 14:17:33 5472 [Note] InnoDB: Database was not shutdown normally!
2015-01-02 14:17:33 5472 [Note] InnoDB: Starting crash recovery.
2015-01-02 14:17:33 5472 [Note] InnoDB: Reading tablespace information from the .ibd files...
2015-01-02 14:17:33 5472 [Note] InnoDB: Restoring possible half-written data pages 
2015-01-02 14:17:33 5472 [Note] InnoDB: from the doublewrite buffer...
2015-01-02 14:17:35 5472 [Note] InnoDB: 128 rollback segment(s) are active.
2015-01-02 14:17:35 5472 [Note] InnoDB: Waiting for purge to start
2015-01-02 14:17:35 5472 [Note] InnoDB: 5.6.13 started; log sequence number 3702029
2015-01-02 14:17:35 5472 [Note] Server hostname (bind-address): '*'; port: 3307
2015-01-02 14:17:35 5472 [Note] IPv6 is available.
2015-01-02 14:17:35 5472 [Note]   - '::' resolves to '::';
2015-01-02 14:17:35 5472 [Note] Server socket created on IP: '::'.
2015-01-02 14:17:35 5472 [Note] Event Scheduler: Loaded 0 events
2015-01-02 14:17:35 5472 [Note] F:\SChool\Java\Prog4Project\USBWebserver v8.6/mysql/bin/mysqld_usbwv8.exe: ready for connections.
Version: '5.6.13'  socket: ''  port: 3307  MySQL Community Server (GPL)
2015-01-02 14:51:50 6384 [Note] Plugin 'FEDERATED' is disabled.
2015-01-02 14:51:50 6384 [Note] InnoDB: The InnoDB memory heap is disabled
2015-01-02 14:51:50 6384 [Note] InnoDB: Mutexes and rw_locks use Windows interlocked functions
2015-01-02 14:51:50 6384 [Note] InnoDB: Compressed tables use zlib 1.2.3
2015-01-02 14:51:50 6384 [Note] InnoDB: Not using CPU crc32 instructions
2015-01-02 14:51:50 6384 [Note] InnoDB: Initializing buffer pool, size = 128.0M
2015-01-02 14:51:50 6384 [Note] InnoDB: Completed initialization of buffer pool
2015-01-02 14:51:50 6384 [Note] InnoDB: Highest supported file format is Barracuda.
2015-01-02 14:51:50 6384 [Note] InnoDB: The log sequence numbers 1626134 and 1626134 in ibdata files do not match the log sequence number 3718756 in the ib_logfiles!
2015-01-02 14:51:50 6384 [Note] InnoDB: Database was not shutdown normally!
2015-01-02 14:51:50 6384 [Note] InnoDB: Starting crash recovery.
2015-01-02 14:51:50 6384 [Note] InnoDB: Reading tablespace information from the .ibd files...
2015-01-02 14:51:50 6384 [Note] InnoDB: Restoring possible half-written data pages 
2015-01-02 14:51:50 6384 [Note] InnoDB: from the doublewrite buffer...
2015-01-02 14:51:50 6384 [Note] InnoDB: 128 rollback segment(s) are active.
2015-01-02 14:51:50 6384 [Note] InnoDB: Waiting for purge to start
2015-01-02 14:51:50 6384 [Note] InnoDB: 5.6.13 started; log sequence number 3718756
2015-01-02 14:51:50 6384 [Note] Server hostname (bind-address): '*'; port: 3307
2015-01-02 14:51:50 6384 [Note] IPv6 is available.
2015-01-02 14:51:50 6384 [Note]   - '::' resolves to '::';
2015-01-02 14:51:50 6384 [Note] Server socket created on IP: '::'.
2015-01-02 14:51:50 6384 [Note] Event Scheduler: Loaded 0 events
2015-01-02 14:51:50 6384 [Note] F:\SChool\Java\Prog4Project\USBWebserver v8.6/mysql/bin/mysqld_usbwv8.exe: ready for connections.
Version: '5.6.13'  socket: ''  port: 3307  MySQL Community Server (GPL)
2015-01-03 15:05:47 5456 [Note] Plugin 'FEDERATED' is disabled.
2015-01-03 15:05:47 5456 [Note] InnoDB: The InnoDB memory heap is disabled
2015-01-03 15:05:47 5456 [Note] InnoDB: Mutexes and rw_locks use Windows interlocked functions
2015-01-03 15:05:47 5456 [Note] InnoDB: Compressed tables use zlib 1.2.3
2015-01-03 15:05:47 5456 [Note] InnoDB: Not using CPU crc32 instructions
2015-01-03 15:05:48 5456 [Note] InnoDB: Initializing buffer pool, size = 128.0M
2015-01-03 15:05:48 5456 [Note] InnoDB: Completed initialization of buffer pool
2015-01-03 15:05:48 5456 [Note] InnoDB: Highest supported file format is Barracuda.
2015-01-03 15:05:48 5456 [Note] InnoDB: The log sequence numbers 1626134 and 1626134 in ibdata files do not match the log sequence number 3863527 in the ib_logfiles!
2015-01-03 15:05:48 5456 [Note] InnoDB: Database was not shutdown normally!
2015-01-03 15:05:48 5456 [Note] InnoDB: Starting crash recovery.
2015-01-03 15:05:48 5456 [Note] InnoDB: Reading tablespace information from the .ibd files...
2015-01-03 15:05:48 5456 [Note] InnoDB: Restoring possible half-written data pages 
2015-01-03 15:05:48 5456 [Note] InnoDB: from the doublewrite buffer...
2015-01-03 15:05:50 5456 [Note] InnoDB: 128 rollback segment(s) are active.
2015-01-03 15:05:50 5456 [Note] InnoDB: Waiting for purge to start
2015-01-03 15:05:50 5456 [Note] InnoDB: 5.6.13 started; log sequence number 3863527
2015-01-03 15:05:50 5456 [Note] Server hostname (bind-address): '*'; port: 3307
2015-01-03 15:05:50 5456 [Note] IPv6 is available.
2015-01-03 15:05:50 5456 [Note]   - '::' resolves to '::';
2015-01-03 15:05:50 5456 [Note] Server socket created on IP: '::'.
2015-01-03 15:05:50 5456 [Note] Event Scheduler: Loaded 0 events
2015-01-03 15:05:50 5456 [Note] F:\SChool\Java\Prog4Project\USBWebserver v8.6/mysql/bin/mysqld_usbwv8.exe: ready for connections.
Version: '5.6.13'  socket: ''  port: 3307  MySQL Community Server (GPL)
2015-01-03 16:56:01 2340 [Note] Plugin 'FEDERATED' is disabled.
2015-01-03 16:56:01 2340 [Note] InnoDB: The InnoDB memory heap is disabled
2015-01-03 16:56:01 2340 [Note] InnoDB: Mutexes and rw_locks use Windows interlocked functions
2015-01-03 16:56:01 2340 [Note] InnoDB: Compressed tables use zlib 1.2.3
2015-01-03 16:56:01 2340 [Note] InnoDB: Not using CPU crc32 instructions
2015-01-03 16:56:01 2340 [Note] InnoDB: Initializing buffer pool, size = 128.0M
2015-01-03 16:56:01 2340 [Note] InnoDB: Completed initialization of buffer pool
2015-01-03 16:56:01 2340 [Note] InnoDB: Highest supported file format is Barracuda.
2015-01-03 16:56:01 2340 [Note] InnoDB: The log sequence numbers 1626134 and 1626134 in ibdata files do not match the log sequence number 3867995 in the ib_logfiles!
2015-01-03 16:56:01 2340 [Note] InnoDB: Database was not shutdown normally!
2015-01-03 16:56:01 2340 [Note] InnoDB: Starting crash recovery.
2015-01-03 16:56:01 2340 [Note] InnoDB: Reading tablespace information from the .ibd files...
2015-01-03 16:56:01 2340 [Note] InnoDB: Restoring possible half-written data pages 
2015-01-03 16:56:01 2340 [Note] InnoDB: from the doublewrite buffer...
2015-01-03 16:56:02 2340 [Note] InnoDB: 128 rollback segment(s) are active.
2015-01-03 16:56:02 2340 [Note] InnoDB: Waiting for purge to start
2015-01-03 16:56:02 2340 [Note] InnoDB: 5.6.13 started; log sequence number 3867995
2015-01-03 16:56:02 2340 [Note] Server hostname (bind-address): '*'; port: 3307
2015-01-03 16:56:02 2340 [Note] IPv6 is available.
2015-01-03 16:56:02 2340 [Note]   - '::' resolves to '::';
2015-01-03 16:56:02 2340 [Note] Server socket created on IP: '::'.
2015-01-03 16:56:02 2340 [Note] Event Scheduler: Loaded 0 events
2015-01-03 16:56:02 2340 [Note] F:\SChool\Java\Prog4Project\USBWebserver v8.6/mysql/bin/mysqld_usbwv8.exe: ready for connections.
Version: '5.6.13'  socket: ''  port: 3307  MySQL Community Server (GPL)
2015-01-04 15:26:01 2036 [Note] Plugin 'FEDERATED' is disabled.
2015-01-04 15:26:01 2036 [Note] InnoDB: The InnoDB memory heap is disabled
2015-01-04 15:26:01 2036 [Note] InnoDB: Mutexes and rw_locks use Windows interlocked functions
2015-01-04 15:26:01 2036 [Note] InnoDB: Compressed tables use zlib 1.2.3
2015-01-04 15:26:01 2036 [Note] InnoDB: Not using CPU crc32 instructions
2015-01-04 15:26:01 2036 [Note] InnoDB: Initializing buffer pool, size = 128.0M
2015-01-04 15:26:01 2036 [Note] InnoDB: Completed initialization of buffer pool
2015-01-04 15:26:01 2036 [Note] InnoDB: Highest supported file format is Barracuda.
2015-01-04 15:26:01 2036 [Note] InnoDB: The log sequence numbers 1626134 and 1626134 in ibdata files do not match the log sequence number 3915141 in the ib_logfiles!
2015-01-04 15:26:01 2036 [Note] InnoDB: Database was not shutdown normally!
2015-01-04 15:26:01 2036 [Note] InnoDB: Starting crash recovery.
2015-01-04 15:26:01 2036 [Note] InnoDB: Reading tablespace information from the .ibd files...
2015-01-04 15:26:02 2036 [Note] InnoDB: Restoring possible half-written data pages 
2015-01-04 15:26:02 2036 [Note] InnoDB: from the doublewrite buffer...
2015-01-04 15:26:04 2036 [Note] InnoDB: 128 rollback segment(s) are active.
2015-01-04 15:26:04 2036 [Note] InnoDB: Waiting for purge to start
2015-01-04 15:26:04 2036 [Note] InnoDB: 5.6.13 started; log sequence number 3915141
2015-01-04 15:26:04 2036 [Note] Server hostname (bind-address): '*'; port: 3307
2015-01-04 15:26:04 2036 [Note] IPv6 is available.
2015-01-04 15:26:04 2036 [Note]   - '::' resolves to '::';
2015-01-04 15:26:04 2036 [Note] Server socket created on IP: '::'.
2015-01-04 15:26:04 2036 [Note] Event Scheduler: Loaded 0 events
2015-01-04 15:26:04 2036 [Note] F:\SChool\Java\Prog4Project\USBWebserver v8.6/mysql/bin/mysqld_usbwv8.exe: ready for connections.
Version: '5.6.13'  socket: ''  port: 3307  MySQL Community Server (GPL)
2015-01-04 22:26:48 8996 [Note] Plugin 'FEDERATED' is disabled.
2015-01-04 22:26:48 8996 [Note] InnoDB: The InnoDB memory heap is disabled
2015-01-04 22:26:48 8996 [Note] InnoDB: Mutexes and rw_locks use Windows interlocked functions
2015-01-04 22:26:48 8996 [Note] InnoDB: Compressed tables use zlib 1.2.3
2015-01-04 22:26:49 8996 [Note] InnoDB: Not using CPU crc32 instructions
2015-01-04 22:26:49 8996 [Note] InnoDB: Initializing buffer pool, size = 128.0M
2015-01-04 22:26:49 8996 [Note] InnoDB: Completed initialization of buffer pool
2015-01-04 22:26:49 8996 [Note] InnoDB: Highest supported file format is Barracuda.
2015-01-04 22:26:49 8996 [Note] InnoDB: The log sequence numbers 1626134 and 1626134 in ibdata files do not match the log sequence number 3933062 in the ib_logfiles!
2015-01-04 22:26:49 8996 [Note] InnoDB: Database was not shutdown normally!
2015-01-04 22:26:49 8996 [Note] InnoDB: Starting crash recovery.
2015-01-04 22:26:49 8996 [Note] InnoDB: Reading tablespace information from the .ibd files...
2015-01-04 22:26:49 8996 [Note] InnoDB: Restoring possible half-written data pages 
2015-01-04 22:26:49 8996 [Note] InnoDB: from the doublewrite buffer...
2015-01-04 22:26:51 8996 [Note] InnoDB: 128 rollback segment(s) are active.
2015-01-04 22:26:51 8996 [Note] InnoDB: Waiting for purge to start
2015-01-04 22:26:51 8996 [Note] InnoDB: 5.6.13 started; log sequence number 3933062
2015-01-04 22:26:51 8996 [Note] Server hostname (bind-address): '*'; port: 3307
2015-01-04 22:26:51 8996 [Note] IPv6 is available.
2015-01-04 22:26:51 8996 [Note]   - '::' resolves to '::';
2015-01-04 22:26:51 8996 [Note] Server socket created on IP: '::'.
2015-01-04 22:26:51 8996 [Note] Event Scheduler: Loaded 0 events
2015-01-04 22:26:51 8996 [Note] F:\SChool\Java\Prog4Project\USBWebserver v8.6/mysql/bin/mysqld_usbwv8.exe: ready for connections.
Version: '5.6.13'  socket: ''  port: 3307  MySQL Community Server (GPL)
2015-01-09 22:07:22 5600 [Note] Plugin 'FEDERATED' is disabled.
2015-01-09 22:07:22 5600 [Note] InnoDB: The InnoDB memory heap is disabled
2015-01-09 22:07:22 5600 [Note] InnoDB: Mutexes and rw_locks use Windows interlocked functions
2015-01-09 22:07:22 5600 [Note] InnoDB: Compressed tables use zlib 1.2.3
2015-01-09 22:07:23 5600 [Note] InnoDB: Not using CPU crc32 instructions
2015-01-09 22:07:23 5600 [Note] InnoDB: Initializing buffer pool, size = 128.0M
2015-01-09 22:07:23 5600 [Note] InnoDB: Completed initialization of buffer pool
2015-01-09 22:07:23 5600 [Note] InnoDB: Highest supported file format is Barracuda.
2015-01-09 22:07:23 5600 [Note] InnoDB: The log sequence numbers 1626134 and 1626134 in ibdata files do not match the log sequence number 3933498 in the ib_logfiles!
2015-01-09 22:07:23 5600 [Note] InnoDB: Database was not shutdown normally!
2015-01-09 22:07:23 5600 [Note] InnoDB: Starting crash recovery.
2015-01-09 22:07:23 5600 [Note] InnoDB: Reading tablespace information from the .ibd files...
2015-01-09 22:07:23 5600 [Note] InnoDB: Restoring possible half-written data pages 
2015-01-09 22:07:23 5600 [Note] InnoDB: from the doublewrite buffer...
2015-01-09 22:07:24 5600 [Note] InnoDB: 128 rollback segment(s) are active.
2015-01-09 22:07:24 5600 [Note] InnoDB: Waiting for purge to start
2015-01-09 22:07:24 5600 [Note] InnoDB: 5.6.13 started; log sequence number 3933498
2015-01-09 22:07:24 5600 [Note] Server hostname (bind-address): '*'; port: 3307
2015-01-09 22:07:24 5600 [Note] IPv6 is available.
2015-01-09 22:07:24 5600 [Note]   - '::' resolves to '::';
2015-01-09 22:07:24 5600 [Note] Server socket created on IP: '::'.
2015-01-09 22:07:25 5600 [Note] Event Scheduler: Loaded 0 events
2015-01-09 22:07:25 5600 [Note] F:\SChool\Java\Prog4Project\USBWebserver v8.6/mysql/bin/mysqld_usbwv8.exe: ready for connections.
Version: '5.6.13'  socket: ''  port: 3307  MySQL Community Server (GPL)
2015-01-10 13:07:16 6956 [Note] Plugin 'FEDERATED' is disabled.
2015-01-10 13:07:16 6956 [Note] InnoDB: The InnoDB memory heap is disabled
2015-01-10 13:07:16 6956 [Note] InnoDB: Mutexes and rw_locks use Windows interlocked functions
2015-01-10 13:07:16 6956 [Note] InnoDB: Compressed tables use zlib 1.2.3
2015-01-10 13:07:16 6956 [Note] InnoDB: Not using CPU crc32 instructions
2015-01-10 13:07:16 6956 [Note] InnoDB: Initializing buffer pool, size = 128.0M
2015-01-10 13:07:16 6956 [Note] InnoDB: Completed initialization of buffer pool
2015-01-10 13:07:16 6956 [Note] InnoDB: Highest supported file format is Barracuda.
2015-01-10 13:07:16 6956 [Note] InnoDB: The log sequence numbers 1626134 and 1626134 in ibdata files do not match the log sequence number 3933508 in the ib_logfiles!
2015-01-10 13:07:16 6956 [Note] InnoDB: Database was not shutdown normally!
2015-01-10 13:07:16 6956 [Note] InnoDB: Starting crash recovery.
2015-01-10 13:07:17 6956 [Note] InnoDB: Reading tablespace information from the .ibd files...
2015-01-10 13:07:17 6956 [Note] InnoDB: Restoring possible half-written data pages 
2015-01-10 13:07:17 6956 [Note] InnoDB: from the doublewrite buffer...
2015-01-10 13:07:18 6956 [Note] InnoDB: 128 rollback segment(s) are active.
2015-01-10 13:07:18 6956 [Note] InnoDB: Waiting for purge to start
2015-01-10 13:07:18 6956 [Note] InnoDB: 5.6.13 started; log sequence number 3933508
2015-01-10 13:07:18 6956 [Note] Server hostname (bind-address): '*'; port: 3307
2015-01-10 13:07:18 6956 [Note] IPv6 is available.
2015-01-10 13:07:18 6956 [Note]   - '::' resolves to '::';
2015-01-10 13:07:18 6956 [Note] Server socket created on IP: '::'.
2015-01-10 13:07:19 6956 [Note] Event Scheduler: Loaded 0 events
2015-01-10 13:07:19 6956 [Note] F:\SChool\Java\Prog4Project\USBWebserver v8.6/mysql/bin/mysqld_usbwv8.exe: ready for connections.
Version: '5.6.13'  socket: ''  port: 3307  MySQL Community Server (GPL)
2015-01-11 18:21:48 1816 [Note] Plugin 'FEDERATED' is disabled.
2015-01-11 18:21:49 1816 [Note] InnoDB: The InnoDB memory heap is disabled
2015-01-11 18:21:49 1816 [Note] InnoDB: Mutexes and rw_locks use Windows interlocked functions
2015-01-11 18:21:49 1816 [Note] InnoDB: Compressed tables use zlib 1.2.3
2015-01-11 18:21:49 1816 [Note] InnoDB: Not using CPU crc32 instructions
2015-01-11 18:21:49 1816 [Note] InnoDB: Initializing buffer pool, size = 128.0M
2015-01-11 18:21:49 1816 [Note] InnoDB: Completed initialization of buffer pool
2015-01-11 18:21:49 1816 [Note] InnoDB: Highest supported file format is Barracuda.
2015-01-11 18:21:49 1816 [Note] InnoDB: The log sequence numbers 1626134 and 1626134 in ibdata files do not match the log sequence number 3933518 in the ib_logfiles!
2015-01-11 18:21:49 1816 [Note] InnoDB: Database was not shutdown normally!
2015-01-11 18:21:49 1816 [Note] InnoDB: Starting crash recovery.
2015-01-11 18:21:49 1816 [Note] InnoDB: Reading tablespace information from the .ibd files...
2015-01-11 18:21:49 1816 [Note] InnoDB: Restoring possible half-written data pages 
2015-01-11 18:21:49 1816 [Note] InnoDB: from the doublewrite buffer...
2015-01-11 18:21:51 1816 [Note] InnoDB: 128 rollback segment(s) are active.
2015-01-11 18:21:51 1816 [Note] InnoDB: Waiting for purge to start
2015-01-11 18:21:51 1816 [Note] InnoDB: 5.6.13 started; log sequence number 3933518
2015-01-11 18:21:51 1816 [Note] Server hostname (bind-address): '*'; port: 3307
2015-01-11 18:21:51 1816 [Note] IPv6 is available.
2015-01-11 18:21:51 1816 [Note]   - '::' resolves to '::';
2015-01-11 18:21:51 1816 [Note] Server socket created on IP: '::'.
2015-01-11 18:21:51 1816 [Note] Event Scheduler: Loaded 0 events
2015-01-11 18:21:51 1816 [Note] F:\SChool\Java\Prog4Project\USBWebserver v8.6/mysql/bin/mysqld_usbwv8.exe: ready for connections.
Version: '5.6.13'  socket: ''  port: 3307  MySQL Community Server (GPL)
2015-01-11 21:01:42 8492 [Note] Plugin 'FEDERATED' is disabled.
2015-01-11 21:01:42 8492 [Note] InnoDB: The InnoDB memory heap is disabled
2015-01-11 21:01:42 8492 [Note] InnoDB: Mutexes and rw_locks use Windows interlocked functions
2015-01-11 21:01:42 8492 [Note] InnoDB: Compressed tables use zlib 1.2.3
2015-01-11 21:01:42 8492 [Note] InnoDB: Not using CPU crc32 instructions
2015-01-11 21:01:42 8492 [Note] InnoDB: Initializing buffer pool, size = 128.0M
2015-01-11 21:01:42 8492 [Note] InnoDB: Completed initialization of buffer pool
2015-01-11 21:01:42 8492 [Note] InnoDB: Highest supported file format is Barracuda.
2015-01-11 21:01:42 8492 [Note] InnoDB: The log sequence numbers 1626134 and 1626134 in ibdata files do not match the log sequence number 3933528 in the ib_logfiles!
2015-01-11 21:01:42 8492 [Note] InnoDB: Database was not shutdown normally!
2015-01-11 21:01:42 8492 [Note] InnoDB: Starting crash recovery.
2015-01-11 21:01:42 8492 [Note] InnoDB: Reading tablespace information from the .ibd files...
2015-01-11 21:01:42 8492 [Note] InnoDB: Restoring possible half-written data pages 
2015-01-11 21:01:42 8492 [Note] InnoDB: from the doublewrite buffer...
2015-01-11 21:01:43 8492 [Note] InnoDB: 128 rollback segment(s) are active.
2015-01-11 21:01:43 8492 [Note] InnoDB: Waiting for purge to start
2015-01-11 21:01:43 8492 [Note] InnoDB: 5.6.13 started; log sequence number 3933528
2015-01-11 21:01:43 8492 [Note] Server hostname (bind-address): '*'; port: 3307
2015-01-11 21:01:43 8492 [Note] IPv6 is available.
2015-01-11 21:01:43 8492 [Note]   - '::' resolves to '::';
2015-01-11 21:01:43 8492 [Note] Server socket created on IP: '::'.
2015-01-11 21:01:43 8492 [Note] Event Scheduler: Loaded 0 events
2015-01-11 21:01:43 8492 [Note] F:\SChool\Java\Prog4Project\USBWebserver v8.6/mysql/bin/mysqld_usbwv8.exe: ready for connections.
Version: '5.6.13'  socket: ''  port: 3307  MySQL Community Server (GPL)
2015-01-17 16:04:48 3228 [Note] Plugin 'FEDERATED' is disabled.
2015-01-17 16:04:48 3228 [Note] InnoDB: The InnoDB memory heap is disabled
2015-01-17 16:04:48 3228 [Note] InnoDB: Mutexes and rw_locks use Windows interlocked functions
2015-01-17 16:04:48 3228 [Note] InnoDB: Compressed tables use zlib 1.2.3
2015-01-17 16:04:48 3228 [Note] InnoDB: Not using CPU crc32 instructions
2015-01-17 16:04:48 3228 [Note] InnoDB: Initializing buffer pool, size = 128.0M
2015-01-17 16:04:48 3228 [Note] InnoDB: Completed initialization of buffer pool
2015-01-17 16:04:49 3228 [Note] InnoDB: Highest supported file format is Barracuda.
2015-01-17 16:04:49 3228 [Note] InnoDB: The log sequence numbers 1626134 and 1626134 in ibdata files do not match the log sequence number 3968323 in the ib_logfiles!
2015-01-17 16:04:49 3228 [Note] InnoDB: Database was not shutdown normally!
2015-01-17 16:04:49 3228 [Note] InnoDB: Starting crash recovery.
2015-01-17 16:04:49 3228 [Note] InnoDB: Reading tablespace information from the .ibd files...
2015-01-17 16:04:49 3228 [Note] InnoDB: Restoring possible half-written data pages 
2015-01-17 16:04:49 3228 [Note] InnoDB: from the doublewrite buffer...
2015-01-17 16:04:50 3228 [Note] InnoDB: 128 rollback segment(s) are active.
2015-01-17 16:04:50 3228 [Note] InnoDB: Waiting for purge to start
2015-01-17 16:04:50 3228 [Note] InnoDB: 5.6.13 started; log sequence number 3968323
2015-01-17 16:04:50 3228 [Note] Server hostname (bind-address): '*'; port: 3307
2015-01-17 16:04:50 3228 [Note] IPv6 is available.
2015-01-17 16:04:50 3228 [Note]   - '::' resolves to '::';
2015-01-17 16:04:50 3228 [Note] Server socket created on IP: '::'.
2015-01-17 16:04:51 3228 [Note] Event Scheduler: Loaded 0 events
2015-01-17 16:04:51 3228 [Note] F:\SChool\Java\Prog4Project\USBWebserver v8.6/mysql/bin/mysqld_usbwv8.exe: ready for connections.
Version: '5.6.13'  socket: ''  port: 3307  MySQL Community Server (GPL)
2015-01-18 14:13:55 4548 [Note] Plugin 'FEDERATED' is disabled.
2015-01-18 14:13:55 4548 [Note] InnoDB: The InnoDB memory heap is disabled
2015-01-18 14:13:55 4548 [Note] InnoDB: Mutexes and rw_locks use Windows interlocked functions
2015-01-18 14:13:55 4548 [Note] InnoDB: Compressed tables use zlib 1.2.3
2015-01-18 14:13:55 4548 [Note] InnoDB: Not using CPU crc32 instructions
2015-01-18 14:13:55 4548 [Note] InnoDB: Initializing buffer pool, size = 128.0M
2015-01-18 14:13:55 4548 [Note] InnoDB: Completed initialization of buffer pool
2015-01-18 14:13:55 4548 [Note] InnoDB: Highest supported file format is Barracuda.
2015-01-18 14:13:55 4548 [Note] InnoDB: The log sequence numbers 1626134 and 1626134 in ibdata files do not match the log sequence number 3968641 in the ib_logfiles!
2015-01-18 14:13:55 4548 [Note] InnoDB: Database was not shutdown normally!
2015-01-18 14:13:55 4548 [Note] InnoDB: Starting crash recovery.
2015-01-18 14:13:55 4548 [Note] InnoDB: Reading tablespace information from the .ibd files...
2015-01-18 14:13:55 4548 [Note] InnoDB: Restoring possible half-written data pages 
2015-01-18 14:13:55 4548 [Note] InnoDB: from the doublewrite buffer...
2015-01-18 14:13:57 4548 [Note] InnoDB: 128 rollback segment(s) are active.
2015-01-18 14:13:57 4548 [Note] InnoDB: Waiting for purge to start
2015-01-18 14:13:57 4548 [Note] InnoDB: 5.6.13 started; log sequence number 3968641
2015-01-18 14:13:57 4548 [Note] Server hostname (bind-address): '*'; port: 3307
2015-01-18 14:13:57 4548 [Note] IPv6 is available.
2015-01-18 14:13:57 4548 [Note]   - '::' resolves to '::';
2015-01-18 14:13:57 4548 [Note] Server socket created on IP: '::'.
2015-01-18 14:13:58 4548 [Note] Event Scheduler: Loaded 0 events
2015-01-18 14:13:58 4548 [Note] F:\SChool\Java\Prog4Project\USBWebserver v8.6/mysql/bin/mysqld_usbwv8.exe: ready for connections.
Version: '5.6.13'  socket: ''  port: 3307  MySQL Community Server (GPL)
2015-01-23 15:29:36 1404 [Note] Plugin 'FEDERATED' is disabled.
2015-01-23 15:29:36 1404 [Note] InnoDB: The InnoDB memory heap is disabled
2015-01-23 15:29:36 1404 [Note] InnoDB: Mutexes and rw_locks use Windows interlocked functions
2015-01-23 15:29:36 1404 [Note] InnoDB: Compressed tables use zlib 1.2.3
2015-01-23 15:29:37 1404 [Note] InnoDB: Not using CPU crc32 instructions
2015-01-23 15:29:37 1404 [Note] InnoDB: Initializing buffer pool, size = 128.0M
2015-01-23 15:29:37 1404 [Note] InnoDB: Completed initialization of buffer pool
2015-01-23 15:29:37 1404 [Note] InnoDB: Highest supported file format is Barracuda.
2015-01-23 15:29:37 1404 [Note] InnoDB: The log sequence numbers 1626134 and 1626134 in ibdata files do not match the log sequence number 4613813 in the ib_logfiles!
2015-01-23 15:29:37 1404 [Note] InnoDB: Database was not shutdown normally!
2015-01-23 15:29:37 1404 [Note] InnoDB: Starting crash recovery.
2015-01-23 15:29:37 1404 [Note] InnoDB: Reading tablespace information from the .ibd files...
2015-01-23 15:29:37 1404 [Note] InnoDB: Restoring possible half-written data pages 
2015-01-23 15:29:37 1404 [Note] InnoDB: from the doublewrite buffer...
2015-01-23 15:29:38 1404 [Note] InnoDB: 128 rollback segment(s) are active.
2015-01-23 15:29:38 1404 [Note] InnoDB: Waiting for purge to start
2015-01-23 15:29:38 1404 [Note] InnoDB: 5.6.13 started; log sequence number 4613813
2015-01-23 15:29:39 1404 [Note] Server hostname (bind-address): '*'; port: 3307
2015-01-23 15:29:39 1404 [Note] IPv6 is available.
2015-01-23 15:29:39 1404 [Note]   - '::' resolves to '::';
2015-01-23 15:29:39 1404 [Note] Server socket created on IP: '::'.
2015-01-23 15:29:39 1404 [Note] Event Scheduler: Loaded 0 events
2015-01-23 15:29:39 1404 [Note] F:\SChool\Java\Prog4Project\USBWebserver v8.6/mysql/bin/mysqld_usbwv8.exe: ready for connections.
Version: '5.6.13'  socket: ''  port: 3307  MySQL Community Server (GPL)
2015-01-24 17:24:31 5056 [Note] Plugin 'FEDERATED' is disabled.
2015-01-24 17:24:31 5056 [Note] InnoDB: The InnoDB memory heap is disabled
2015-01-24 17:24:31 5056 [Note] InnoDB: Mutexes and rw_locks use Windows interlocked functions
2015-01-24 17:24:31 5056 [Note] InnoDB: Compressed tables use zlib 1.2.3
2015-01-24 17:24:31 5056 [Note] InnoDB: Not using CPU crc32 instructions
2015-01-24 17:24:31 5056 [Note] InnoDB: Initializing buffer pool, size = 128.0M
2015-01-24 17:24:31 5056 [Note] InnoDB: Completed initialization of buffer pool
2015-01-24 17:24:31 5056 [Note] InnoDB: Highest supported file format is Barracuda.
2015-01-24 17:24:31 5056 [Note] InnoDB: The log sequence numbers 1626134 and 1626134 in ibdata files do not match the log sequence number 4627191 in the ib_logfiles!
2015-01-24 17:24:31 5056 [Note] InnoDB: Database was not shutdown normally!
2015-01-24 17:24:31 5056 [Note] InnoDB: Starting crash recovery.
2015-01-24 17:24:31 5056 [Note] InnoDB: Reading tablespace information from the .ibd files...
2015-01-24 17:24:32 5056 [Note] InnoDB: Restoring possible half-written data pages 
2015-01-24 17:24:32 5056 [Note] InnoDB: from the doublewrite buffer...
2015-01-24 17:24:34 5056 [Note] InnoDB: 128 rollback segment(s) are active.
2015-01-24 17:24:34 5056 [Note] InnoDB: Waiting for purge to start
2015-01-24 17:24:34 5056 [Note] InnoDB: 5.6.13 started; log sequence number 4627191
2015-01-24 17:24:34 5056 [Note] Server hostname (bind-address): '*'; port: 3307
2015-01-24 17:24:34 5056 [Note] IPv6 is available.
2015-01-24 17:24:34 5056 [Note]   - '::' resolves to '::';
2015-01-24 17:24:34 5056 [Note] Server socket created on IP: '::'.
2015-01-24 17:24:34 5056 [Note] Event Scheduler: Loaded 0 events
2015-01-24 17:24:34 5056 [Note] F:\SChool\Java\Prog4Project\USBWebserver v8.6/mysql/bin/mysqld_usbwv8.exe: ready for connections.
Version: '5.6.13'  socket: ''  port: 3307  MySQL Community Server (GPL)
2015-01-24 21:45:33 7920 [Note] Plugin 'FEDERATED' is disabled.
2015-01-24 21:45:33 7920 [Note] InnoDB: The InnoDB memory heap is disabled
2015-01-24 21:45:33 7920 [Note] InnoDB: Mutexes and rw_locks use Windows interlocked functions
2015-01-24 21:45:33 7920 [Note] InnoDB: Compressed tables use zlib 1.2.3
2015-01-24 21:45:33 7920 [Note] InnoDB: Not using CPU crc32 instructions
2015-01-24 21:45:33 7920 [Note] InnoDB: Initializing buffer pool, size = 128.0M
2015-01-24 21:45:33 7920 [Note] InnoDB: Completed initialization of buffer pool
2015-01-24 21:45:33 7920 [Note] InnoDB: Highest supported file format is Barracuda.
2015-01-24 21:45:33 7920 [Note] InnoDB: The log sequence numbers 1626134 and 1626134 in ibdata files do not match the log sequence number 4662071 in the ib_logfiles!
2015-01-24 21:45:33 7920 [Note] InnoDB: Database was not shutdown normally!
2015-01-24 21:45:33 7920 [Note] InnoDB: Starting crash recovery.
2015-01-24 21:45:33 7920 [Note] InnoDB: Reading tablespace information from the .ibd files...
2015-01-24 21:45:33 7920 [Note] InnoDB: Restoring possible half-written data pages 
2015-01-24 21:45:33 7920 [Note] InnoDB: from the doublewrite buffer...
2015-01-24 21:45:33 7920 [Note] InnoDB: 128 rollback segment(s) are active.
2015-01-24 21:45:33 7920 [Note] InnoDB: Waiting for purge to start
2015-01-24 21:45:33 7920 [Note] InnoDB: 5.6.13 started; log sequence number 4662071
2015-01-24 21:45:33 7920 [Note] Server hostname (bind-address): '*'; port: 3307
2015-01-24 21:45:33 7920 [Note] IPv6 is available.
2015-01-24 21:45:33 7920 [Note]   - '::' resolves to '::';
2015-01-24 21:45:33 7920 [Note] Server socket created on IP: '::'.
2015-01-24 21:45:33 7920 [Note] Event Scheduler: Loaded 0 events
2015-01-24 21:45:33 7920 [Note] F:\SChool\Java\Prog4Project\USBWebserver v8.6/mysql/bin/mysqld_usbwv8.exe: ready for connections.
Version: '5.6.13'  socket: ''  port: 3307  MySQL Community Server (GPL)
2015-01-24 21:50:14 3708 [Note] Plugin 'FEDERATED' is disabled.
2015-01-24 21:50:14 3708 [Note] InnoDB: The InnoDB memory heap is disabled
2015-01-24 21:50:14 3708 [Note] InnoDB: Mutexes and rw_locks use Windows interlocked functions
2015-01-24 21:50:14 3708 [Note] InnoDB: Compressed tables use zlib 1.2.3
2015-01-24 21:50:14 3708 [Note] InnoDB: Not using CPU crc32 instructions
2015-01-24 21:50:14 3708 [Note] InnoDB: Initializing buffer pool, size = 128.0M
2015-01-24 21:50:14 3708 [Note] InnoDB: Completed initialization of buffer pool
2015-01-24 21:50:15 3708 [Note] InnoDB: Highest supported file format is Barracuda.
2015-01-24 21:50:15 3708 [Note] InnoDB: The log sequence numbers 1626134 and 1626134 in ibdata files do not match the log sequence number 4662081 in the ib_logfiles!
2015-01-24 21:50:15 3708 [Note] InnoDB: Database was not shutdown normally!
2015-01-24 21:50:15 3708 [Note] InnoDB: Starting crash recovery.
2015-01-24 21:50:15 3708 [Note] InnoDB: Reading tablespace information from the .ibd files...
2015-01-24 21:50:15 3708 [Note] InnoDB: Restoring possible half-written data pages 
2015-01-24 21:50:15 3708 [Note] InnoDB: from the doublewrite buffer...
2015-01-24 21:50:15 3708 [Note] InnoDB: 128 rollback segment(s) are active.
2015-01-24 21:50:15 3708 [Note] InnoDB: Waiting for purge to start
2015-01-24 21:50:15 3708 [Note] InnoDB: 5.6.13 started; log sequence number 4662081
2015-01-24 21:50:15 3708 [Note] Server hostname (bind-address): '*'; port: 3307
2015-01-24 21:50:15 3708 [Note] IPv6 is available.
2015-01-24 21:50:15 3708 [Note]   - '::' resolves to '::';
2015-01-24 21:50:15 3708 [Note] Server socket created on IP: '::'.
2015-01-24 21:50:15 3708 [Note] Event Scheduler: Loaded 0 events
2015-01-24 21:50:15 3708 [Note] F:\SChool\Java\Prog4Project\USBWebserver v8.6/mysql/bin/mysqld_usbwv8.exe: ready for connections.
Version: '5.6.13'  socket: ''  port: 3307  MySQL Community Server (GPL)
