2014-11-26 14:38:27 6036 [Note] Plugin 'FEDERATED' is disabled.
2014-11-26 14:38:27 6036 [Note] InnoDB: The InnoDB memory heap is disabled
2014-11-26 14:38:27 6036 [Note] InnoDB: Mutexes and rw_locks use Windows interlocked functions
2014-11-26 14:38:27 6036 [Note] InnoDB: Compressed tables use zlib 1.2.3
2014-11-26 14:38:27 6036 [Note] InnoDB: Not using CPU crc32 instructions
2014-11-26 14:38:27 6036 [Note] InnoDB: Initializing buffer pool, size = 128.0M
2014-11-26 14:38:27 6036 [Note] InnoDB: Completed initialization of buffer pool
2014-11-26 14:38:27 6036 [Note] InnoDB: Setting log file E:\SChool\Java\USBWebserver v8.6\mysql\data\ib_logfile101 size to 5 MB
2014-11-26 14:38:27 6036 [Note] InnoDB: Setting log file E:\SChool\Java\USBWebserver v8.6\mysql\data\ib_logfile1 size to 5 MB
2014-11-26 14:38:27 6036 [Note] InnoDB: Renaming log file E:\SChool\Java\USBWebserver v8.6\mysql\data\ib_logfile101 to E:\SChool\Java\USBWebserver v8.6\mysql\data\ib_logfile0
2014-11-26 14:38:27 6036 [Warning] InnoDB: New log files created, LSN=1626134
2014-11-26 14:38:27 6036 [Note] InnoDB: Highest supported file format is Barracuda.
2014-11-26 14:38:28 6036 [Note] InnoDB: 128 rollback segment(s) are active.
2014-11-26 14:38:28 6036 [Note] InnoDB: Waiting for purge to start
2014-11-26 14:38:29 6036 [Note] InnoDB: 5.6.13 started; log sequence number 1626636
2014-11-26 14:38:29 6036 [Warning] No existing UUID has been found, so we assume that this is the first time that this server has been started. Generating a new UUID: 816c9a17-7571-11e4-8605-d067e53dce2b.
2014-11-26 14:38:29 6036 [Note] Server hostname (bind-address): '*'; port: 3307
2014-11-26 14:38:29 6036 [Note] IPv6 is available.
2014-11-26 14:38:29 6036 [Note]   - '::' resolves to '::';
2014-11-26 14:38:29 6036 [Note] Server socket created on IP: '::'.
2014-11-26 14:38:29 6036 [Note] Event Scheduler: Loaded 0 events
2014-11-26 14:38:29 6036 [Note] E:\SChool\Java\USBWebserver v8.6/mysql/bin/mysqld_usbwv8.exe: ready for connections.
Version: '5.6.13'  socket: ''  port: 3307  MySQL Community Server (GPL)
